{"/Users/ahr/Desktop/my-work/projects/personal/lancehive/frontend/src/components/ConfirmDialog/ConfirmDialog.tsx": {"path":"/Users/ahr/Desktop/my-work/projects/personal/lancehive/frontend/src/components/ConfirmDialog/ConfirmDialog.tsx","statementMap":{"0":{"start":{"line":23,"column":30},"end":{"line":23,"column":null}},"1":{"start":{"line":28,"column":2},"end":{"line":28,"column":17}},"2":{"start":{"line":29,"column":2},"end":{"line":29,"column":16}},"3":{"start":{"line":31,"column":2},"end":{"line":31,"column":14}},"4":{"start":{"line":37,"column":29},"end":{"line":37,"column":53}},"5":{"start":{"line":37,"column":10},"end":{"line":37,"column":null}},"6":{"start":{"line":38,"column":35},"end":{"line":38,"column":71}},"7":{"start":{"line":38,"column":10},"end":{"line":38,"column":null}},"8":{"start":{"line":37,"column":10},"end":{"line":38,"column":11}},"9":{"start":{"line":36,"column":8},"end":{"line":39,"column":null}},"10":{"start":{"line":37,"column":10},"end":{"line":37,"column":11}},"11":{"start":{"line":38,"column":10},"end":{"line":38,"column":11}},"12":{"start":{"line":41,"column":51},"end":{"line":41,"column":51}},"13":{"start":{"line":41,"column":10},"end":{"line":41,"column":null}},"14":{"start":{"line":41,"column":51},"end":{"line":41,"column":82}},"15":{"start":{"line":41,"column":39},"end":{"line":41,"column":51}},"16":{"start":{"line":43,"column":13},"end":{"line":42,"column":null}},"17":{"start":{"line":42,"column":10},"end":{"line":44,"column":null}},"18":{"start":{"line":43,"column":13},"end":{"line":43,"column":null}},"19":{"start":{"line":42,"column":39},"end":{"line":42,"column":50}},"20":{"start":{"line":42,"column":59},"end":{"line":42,"column":null}},"21":{"start":{"line":41,"column":10},"end":{"line":42,"column":11}},"22":{"start":{"line":40,"column":8},"end":{"line":45,"column":null}},"23":{"start":{"line":41,"column":10},"end":{"line":41,"column":11}},"24":{"start":{"line":42,"column":10},"end":{"line":42,"column":11}},"25":{"start":{"line":36,"column":8},"end":{"line":40,"column":9}},"26":{"start":{"line":35,"column":6},"end":{"line":46,"column":null}},"27":{"start":{"line":36,"column":8},"end":{"line":36,"column":9}},"28":{"start":{"line":40,"column":8},"end":{"line":40,"column":9}},"29":{"start":{"line":34,"column":43},"end":{"line":35,"column":7}},"30":{"start":{"line":34,"column":4},"end":{"line":47,"column":null}},"31":{"start":{"line":34,"column":43},"end":{"line":34,"column":null}},"32":{"start":{"line":34,"column":23},"end":{"line":34,"column":43}},"33":{"start":{"line":35,"column":6},"end":{"line":35,"column":7}},"34":{"start":{"line":33,"column":2},"end":{"line":34,"column":5}}},"fnMap":{"0":{"name":"ConfirmDialog","decl":{"start":{"line":23,"column":16},"end":{"line":23,"column":30}},"loc":{"start":{"line":32,"column":23},"end":{"line":49,"column":null}},"line":32}},"branchMap":{"0":{"loc":{"start":{"line":28,"column":2},"end":{"line":28,"column":17}},"type":"cond-expr","locations":[{"start":{"line":28,"column":17},"end":{"line":28,"column":null}},{"start":{"line":28,"column":2},"end":{"line":28,"column":17}}],"line":28},"1":{"loc":{"start":{"line":29,"column":2},"end":{"line":29,"column":16}},"type":"cond-expr","locations":[{"start":{"line":29,"column":16},"end":{"line":29,"column":null}},{"start":{"line":29,"column":2},"end":{"line":29,"column":16}}],"line":29},"2":{"loc":{"start":{"line":31,"column":2},"end":{"line":31,"column":14}},"type":"cond-expr","locations":[{"start":{"line":31,"column":14},"end":{"line":31,"column":null}},{"start":{"line":31,"column":2},"end":{"line":31,"column":14}}],"line":31},"3":{"loc":{"start":{"line":37,"column":29},"end":{"line":37,"column":53}},"type":"if","locations":[{"start":{"line":37,"column":29},"end":{"line":37,"column":53}}],"line":37},"4":{"loc":{"start":{"line":38,"column":35},"end":{"line":38,"column":71}},"type":"if","locations":[{"start":{"line":38,"column":35},"end":{"line":38,"column":71}}],"line":38},"5":{"loc":{"start":{"line":37,"column":10},"end":{"line":38,"column":11}},"type":"if","locations":[{"start":{"line":37,"column":10},"end":{"line":38,"column":11}}],"line":37},"6":{"loc":{"start":{"line":37,"column":10},"end":{"line":38,"column":11}},"type":"binary-expr","locations":[{"start":{"line":37,"column":10},"end":{"line":37,"column":11}},{"start":{"line":37,"column":10},"end":{"line":38,"column":11}}],"line":37},"7":{"loc":{"start":{"line":41,"column":51},"end":{"line":41,"column":51}},"type":"if","locations":[{"start":{"line":41,"column":51},"end":{"line":41,"column":51}}],"line":41},"8":{"loc":{"start":{"line":41,"column":51},"end":{"line":41,"column":51}},"type":"binary-expr","locations":[{"start":{"line":41,"column":51},"end":{"line":41,"column":82}},{"start":{"line":41,"column":51},"end":{"line":41,"column":51}}],"line":41},"9":{"loc":{"start":{"line":43,"column":13},"end":{"line":42,"column":null}},"type":"if","locations":[{"start":{"line":43,"column":13},"end":{"line":42,"column":null}}],"line":43},"10":{"loc":{"start":{"line":43,"column":13},"end":{"line":42,"column":null}},"type":"binary-expr","locations":[{"start":{"line":43,"column":13},"end":{"line":43,"column":null}},{"start":{"line":43,"column":13},"end":{"line":42,"column":50}},{"start":{"line":42,"column":39},"end":{"line":42,"column":null}}],"line":43},"11":{"loc":{"start":{"line":41,"column":10},"end":{"line":42,"column":11}},"type":"if","locations":[{"start":{"line":41,"column":10},"end":{"line":42,"column":11}}],"line":41},"12":{"loc":{"start":{"line":41,"column":10},"end":{"line":42,"column":11}},"type":"binary-expr","locations":[{"start":{"line":41,"column":10},"end":{"line":41,"column":11}},{"start":{"line":41,"column":10},"end":{"line":42,"column":11}}],"line":41},"13":{"loc":{"start":{"line":36,"column":8},"end":{"line":40,"column":9}},"type":"if","locations":[{"start":{"line":36,"column":8},"end":{"line":40,"column":9}}],"line":36},"14":{"loc":{"start":{"line":36,"column":8},"end":{"line":40,"column":9}},"type":"binary-expr","locations":[{"start":{"line":36,"column":8},"end":{"line":36,"column":9}},{"start":{"line":36,"column":8},"end":{"line":40,"column":9}}],"line":36},"15":{"loc":{"start":{"line":34,"column":43},"end":{"line":35,"column":7}},"type":"if","locations":[{"start":{"line":34,"column":43},"end":{"line":35,"column":7}}],"line":34},"16":{"loc":{"start":{"line":34,"column":43},"end":{"line":35,"column":7}},"type":"binary-expr","locations":[{"start":{"line":34,"column":43},"end":{"line":34,"column":null}},{"start":{"line":34,"column":43},"end":{"line":34,"column":43}},{"start":{"line":34,"column":23},"end":{"line":35,"column":7}}],"line":34}},"s":{"0":1,"1":1,"2":1,"3":1,"4":1,"5":1,"6":1,"7":1,"8":1,"9":1,"10":1,"11":1,"12":1,"13":1,"14":1,"15":1,"16":1,"17":1,"18":1,"19":1,"20":1,"21":1,"22":1,"23":1,"24":1,"25":1,"26":1,"27":1,"28":1,"29":1,"30":1,"31":1,"32":1,"33":1,"34":1},"f":{"0":1},"b":{"0":[1,0],"1":[1,0],"2":[1,0],"3":[1],"4":[1],"5":[1],"6":[1,0],"7":[1],"8":[1,0],"9":[1],"10":[1,0,0],"11":[1],"12":[1,0],"13":[1],"14":[1,0],"15":[1],"16":[1,0,0]},"meta":{"lastBranch":17,"lastFunction":1,"lastStatement":35,"seen":{"f:23:16:23:30":0,"s:23:30:23:Infinity":0,"s:28:2:28:17":1,"b:28:17:28:Infinity:28:2:28:17":0,"s:29:2:29:16":2,"b:29:16:29:Infinity:29:2:29:16":1,"s:31:2:31:14":3,"b:31:14:31:Infinity:31:2:31:14":2,"b:37:29:37:53":3,"s:37:29:37:53":4,"s:37:10:37:Infinity":5,"b:38:35:38:71":4,"s:38:35:38:71":6,"s:38:10:38:Infinity":7,"b:37:10:38:11":5,"s:37:10:38:11":8,"b:37:10:37:11:37:10:38:11":6,"s:36:8:39:Infinity":9,"s:37:10:37:11":10,"s:38:10:38:11":11,"b:41:51:41:51":7,"s:41:51:41:51":12,"b:41:51:41:82:41:51:41:51":8,"s:41:10:41:Infinity":13,"s:41:51:41:82":14,"s:41:39:41:51":15,"b:43:13:42:Infinity":9,"s:43:13:42:Infinity":16,"b:43:13:43:Infinity:43:13:42:50:42:39:42:Infinity":10,"s:42:10:44:Infinity":17,"s:43:13:43:Infinity":18,"s:42:39:42:50":19,"s:42:59:42:Infinity":20,"b:41:10:42:11":11,"s:41:10:42:11":21,"b:41:10:41:11:41:10:42:11":12,"s:40:8:45:Infinity":22,"s:41:10:41:11":23,"s:42:10:42:11":24,"b:36:8:40:9":13,"s:36:8:40:9":25,"b:36:8:36:9:36:8:40:9":14,"s:35:6:46:Infinity":26,"s:36:8:36:9":27,"s:40:8:40:9":28,"b:34:43:35:7":15,"s:34:43:35:7":29,"b:34:43:34:Infinity:34:43:34:43:34:23:35:7":16,"s:34:4:47:Infinity":30,"s:34:43:34:Infinity":31,"s:34:23:34:43":32,"s:35:6:35:7":33,"s:33:2:34:5":34},"fnNames":{}}}
,"/Users/ahr/Desktop/my-work/projects/personal/lancehive/frontend/src/components/CursorPagination/CursorPagination.tsx": {"path":"/Users/ahr/Desktop/my-work/projects/personal/lancehive/frontend/src/components/CursorPagination/CursorPagination.tsx","statementMap":{"0":{"start":{"line":13,"column":36},"end":{"line":13,"column":38}},"1":{"start":{"line":14,"column":18},"end":{"line":14,"column":null}},"2":{"start":{"line":15,"column":18},"end":{"line":15,"column":null}},"3":{"start":{"line":19,"column":70},"end":{"line":19,"column":79}},"4":{"start":{"line":19,"column":6},"end":{"line":19,"column":null}},"5":{"start":{"line":21,"column":85},"end":{"line":21,"column":null}},"6":{"start":{"line":22,"column":11},"end":{"line":22,"column":null}},"7":{"start":{"line":21,"column":67},"end":{"line":21,"column":86}},"8":{"start":{"line":21,"column":8},"end":{"line":24,"column":null}},"9":{"start":{"line":21,"column":67},"end":{"line":21,"column":75}},"10":{"start":{"line":21,"column":85},"end":{"line":21,"column":86}},"11":{"start":{"line":25,"column":85},"end":{"line":25,"column":null}},"12":{"start":{"line":27,"column":11},"end":{"line":27,"column":null}},"13":{"start":{"line":25,"column":67},"end":{"line":25,"column":86}},"14":{"start":{"line":25,"column":8},"end":{"line":28,"column":null}},"15":{"start":{"line":25,"column":67},"end":{"line":25,"column":75}},"16":{"start":{"line":25,"column":85},"end":{"line":25,"column":86}},"17":{"start":{"line":21,"column":8},"end":{"line":25,"column":9}},"18":{"start":{"line":20,"column":6},"end":{"line":29,"column":null}},"19":{"start":{"line":21,"column":8},"end":{"line":21,"column":9}},"20":{"start":{"line":25,"column":8},"end":{"line":25,"column":9}},"21":{"start":{"line":19,"column":6},"end":{"line":20,"column":7}},"22":{"start":{"line":18,"column":4},"end":{"line":30,"column":null}},"23":{"start":{"line":19,"column":6},"end":{"line":19,"column":7}},"24":{"start":{"line":20,"column":6},"end":{"line":20,"column":7}},"25":{"start":{"line":17,"column":2},"end":{"line":18,"column":5}}},"fnMap":{"0":{"name":"CursorPagination","decl":{"start":{"line":13,"column":16},"end":{"line":13,"column":36}},"loc":{"start":{"line":13,"column":88},"end":{"line":32,"column":null}},"line":13}},"branchMap":{"0":{"loc":{"start":{"line":19,"column":70},"end":{"line":19,"column":79}},"type":"if","locations":[{"start":{"line":19,"column":70},"end":{"line":19,"column":79}}],"line":19},"1":{"loc":{"start":{"line":21,"column":67},"end":{"line":21,"column":86}},"type":"if","locations":[{"start":{"line":21,"column":67},"end":{"line":21,"column":86}}],"line":21},"2":{"loc":{"start":{"line":21,"column":67},"end":{"line":21,"column":86}},"type":"binary-expr","locations":[{"start":{"line":21,"column":67},"end":{"line":21,"column":75}},{"start":{"line":21,"column":67},"end":{"line":21,"column":86}}],"line":21},"3":{"loc":{"start":{"line":25,"column":67},"end":{"line":25,"column":86}},"type":"if","locations":[{"start":{"line":25,"column":67},"end":{"line":25,"column":86}}],"line":25},"4":{"loc":{"start":{"line":25,"column":67},"end":{"line":25,"column":86}},"type":"binary-expr","locations":[{"start":{"line":25,"column":67},"end":{"line":25,"column":75}},{"start":{"line":25,"column":67},"end":{"line":25,"column":86}}],"line":25},"5":{"loc":{"start":{"line":21,"column":8},"end":{"line":25,"column":9}},"type":"if","locations":[{"start":{"line":21,"column":8},"end":{"line":25,"column":9}}],"line":21},"6":{"loc":{"start":{"line":21,"column":8},"end":{"line":25,"column":9}},"type":"binary-expr","locations":[{"start":{"line":21,"column":8},"end":{"line":21,"column":9}},{"start":{"line":21,"column":8},"end":{"line":25,"column":9}}],"line":21},"7":{"loc":{"start":{"line":19,"column":6},"end":{"line":20,"column":7}},"type":"if","locations":[{"start":{"line":19,"column":6},"end":{"line":20,"column":7}}],"line":19},"8":{"loc":{"start":{"line":19,"column":6},"end":{"line":20,"column":7}},"type":"binary-expr","locations":[{"start":{"line":19,"column":6},"end":{"line":19,"column":7}},{"start":{"line":19,"column":6},"end":{"line":20,"column":7}}],"line":19}},"s":{"0":2,"1":2,"2":2,"3":2,"4":2,"5":2,"6":2,"7":2,"8":2,"9":2,"10":2,"11":2,"12":2,"13":2,"14":2,"15":2,"16":2,"17":2,"18":2,"19":2,"20":2,"21":2,"22":2,"23":2,"24":2,"25":2},"f":{"0":2},"b":{"0":[2],"1":[2],"2":[2,0],"3":[2],"4":[2,0],"5":[2],"6":[2,0],"7":[2],"8":[2,0]},"meta":{"lastBranch":9,"lastFunction":1,"lastStatement":26,"seen":{"f:13:16:13:36":0,"s:13:36:13:38":0,"s:14:18:14:Infinity":1,"s:15:18:15:Infinity":2,"b:19:70:19:79":0,"s:19:70:19:79":3,"s:19:6:19:Infinity":4,"s:21:85:21:Infinity":5,"s:22:11:22:Infinity":6,"b:21:67:21:86":1,"s:21:67:21:86":7,"b:21:67:21:75:21:67:21:86":2,"s:21:8:24:Infinity":8,"s:21:67:21:75":9,"s:21:85:21:86":10,"s:25:85:25:Infinity":11,"s:27:11:27:Infinity":12,"b:25:67:25:86":3,"s:25:67:25:86":13,"b:25:67:25:75:25:67:25:86":4,"s:25:8:28:Infinity":14,"s:25:67:25:75":15,"s:25:85:25:86":16,"b:21:8:25:9":5,"s:21:8:25:9":17,"b:21:8:21:9:21:8:25:9":6,"s:20:6:29:Infinity":18,"s:21:8:21:9":19,"s:25:8:25:9":20,"b:19:6:20:7":7,"s:19:6:20:7":21,"b:19:6:19:7:19:6:20:7":8,"s:18:4:30:Infinity":22,"s:19:6:19:7":23,"s:20:6:20:7":24,"s:17:2:18:5":25},"fnNames":{}}}
,"/Users/ahr/Desktop/my-work/projects/personal/lancehive/frontend/src/components/EmptyState/EmptyState.tsx": {"path":"/Users/ahr/Desktop/my-work/projects/personal/lancehive/frontend/src/components/EmptyState/EmptyState.tsx","statementMap":{"0":{"start":{"line":12,"column":27},"end":{"line":12,"column":29}},"1":{"start":{"line":15,"column":14},"end":{"line":15,"column":null}},"2":{"start":{"line":15,"column":7},"end":{"line":15,"column":14}},"3":{"start":{"line":17,"column":58},"end":{"line":17,"column":68}},"4":{"start":{"line":17,"column":8},"end":{"line":17,"column":null}},"5":{"start":{"line":19,"column":10},"end":{"line":20,"column":null}},"6":{"start":{"line":18,"column":9},"end":{"line":18,"column":null}},"7":{"start":{"line":17,"column":8},"end":{"line":18,"column":null}},"8":{"start":{"line":16,"column":6},"end":{"line":21,"column":null}},"9":{"start":{"line":17,"column":8},"end":{"line":17,"column":9}},"10":{"start":{"line":22,"column":7},"end":{"line":16,"column":7}},"11":{"start":{"line":14,"column":4},"end":{"line":23,"column":null}},"12":{"start":{"line":22,"column":7},"end":{"line":22,"column":null}},"13":{"start":{"line":16,"column":6},"end":{"line":16,"column":7}},"14":{"start":{"line":13,"column":2},"end":{"line":14,"column":5}}},"fnMap":{"0":{"name":"EmptyState","decl":{"start":{"line":12,"column":16},"end":{"line":12,"column":27}},"loc":{"start":{"line":12,"column":88},"end":{"line":25,"column":null}},"line":12}},"branchMap":{"0":{"loc":{"start":{"line":15,"column":14},"end":{"line":15,"column":null}},"type":"cond-expr","locations":[{"start":{"line":15,"column":14},"end":{"line":15,"column":null}},{"start":{"line":15,"column":78},"end":{"line":15,"column":null}}],"line":15},"1":{"loc":{"start":{"line":17,"column":58},"end":{"line":17,"column":68}},"type":"if","locations":[{"start":{"line":17,"column":58},"end":{"line":17,"column":68}}],"line":17},"2":{"loc":{"start":{"line":19,"column":10},"end":{"line":20,"column":null}},"type":"cond-expr","locations":[{"start":{"line":19,"column":10},"end":{"line":20,"column":null}},{"start":{"line":20,"column":12},"end":{"line":20,"column":null}}],"line":19},"3":{"loc":{"start":{"line":17,"column":8},"end":{"line":18,"column":null}},"type":"if","locations":[{"start":{"line":17,"column":8},"end":{"line":18,"column":null}}],"line":17},"4":{"loc":{"start":{"line":17,"column":8},"end":{"line":18,"column":null}},"type":"binary-expr","locations":[{"start":{"line":17,"column":8},"end":{"line":17,"column":9}},{"start":{"line":17,"column":8},"end":{"line":18,"column":null}}],"line":17},"5":{"loc":{"start":{"line":22,"column":7},"end":{"line":16,"column":7}},"type":"if","locations":[{"start":{"line":22,"column":7},"end":{"line":16,"column":7}}],"line":22},"6":{"loc":{"start":{"line":22,"column":7},"end":{"line":16,"column":7}},"type":"binary-expr","locations":[{"start":{"line":22,"column":7},"end":{"line":22,"column":null}},{"start":{"line":22,"column":7},"end":{"line":15,"column":14}},{"start":{"line":15,"column":7},"end":{"line":16,"column":7}}],"line":22}},"s":{"0":1,"1":1,"2":1,"3":1,"4":1,"5":1,"6":1,"7":1,"8":1,"9":1,"10":1,"11":1,"12":1,"13":1,"14":1},"f":{"0":1},"b":{"0":[1,0],"1":[1],"2":[1,0],"3":[1],"4":[1,0],"5":[1],"6":[1,0,0]},"meta":{"lastBranch":7,"lastFunction":1,"lastStatement":15,"seen":{"f:12:16:12:27":0,"s:12:27:12:29":0,"s:15:14:15:Infinity":1,"b:15:14:15:Infinity:15:78:15:Infinity":0,"s:15:7:15:14":2,"b:17:58:17:68":1,"s:17:58:17:68":3,"s:17:8:17:Infinity":4,"s:19:10:20:Infinity":5,"b:19:10:20:Infinity:20:12:20:Infinity":2,"s:18:9:18:Infinity":6,"b:17:8:18:Infinity":3,"s:17:8:18:Infinity":7,"b:17:8:17:9:17:8:18:Infinity":4,"s:16:6:21:Infinity":8,"s:17:8:17:9":9,"b:22:7:16:7":5,"s:22:7:16:7":10,"b:22:7:22:Infinity:22:7:15:14:15:7:16:7":6,"s:14:4:23:Infinity":11,"s:22:7:22:Infinity":12,"s:16:6:16:7":13,"s:13:2:14:5":14},"fnNames":{}}}
,"/Users/ahr/Desktop/my-work/projects/personal/lancehive/frontend/src/components/ErrorAlert/ErrorAlert.tsx": {"path":"/Users/ahr/Desktop/my-work/projects/personal/lancehive/frontend/src/components/ErrorAlert/ErrorAlert.tsx","statementMap":{"0":{"start":{"line":12,"column":27},"end":{"line":12,"column":29}},"1":{"start":{"line":13,"column":33},"end":{"line":13,"column":38}},"2":{"start":{"line":13,"column":18},"end":{"line":13,"column":null}},"3":{"start":{"line":13,"column":18},"end":{"line":13,"column":33}},"4":{"start":{"line":17,"column":6},"end":{"line":17,"column":null}},"5":{"start":{"line":18,"column":6},"end":{"line":18,"column":null}},"6":{"start":{"line":20,"column":15},"end":{"line":20,"column":29}},"7":{"start":{"line":20,"column":8},"end":{"line":20,"column":null}},"8":{"start":{"line":22,"column":10},"end":{"line":25,"column":null}},"9":{"start":{"line":21,"column":9},"end":{"line":21,"column":null}},"10":{"start":{"line":20,"column":8},"end":{"line":21,"column":null}},"11":{"start":{"line":16,"column":4},"end":{"line":27,"column":null}},"12":{"start":{"line":20,"column":8},"end":{"line":20,"column":9}},"13":{"start":{"line":15,"column":2},"end":{"line":16,"column":5}}},"fnMap":{"0":{"name":"ErrorAlert","decl":{"start":{"line":12,"column":16},"end":{"line":12,"column":27}},"loc":{"start":{"line":12,"column":64},"end":{"line":29,"column":null}},"line":12}},"branchMap":{"0":{"loc":{"start":{"line":13,"column":33},"end":{"line":13,"column":38}},"type":"if","locations":[{"start":{"line":13,"column":33},"end":{"line":13,"column":38}}],"line":13},"1":{"loc":{"start":{"line":20,"column":15},"end":{"line":20,"column":29}},"type":"if","locations":[{"start":{"line":20,"column":15},"end":{"line":20,"column":29}}],"line":20},"2":{"loc":{"start":{"line":22,"column":10},"end":{"line":25,"column":null}},"type":"cond-expr","locations":[{"start":{"line":22,"column":10},"end":{"line":25,"column":null}},{"start":{"line":25,"column":12},"end":{"line":25,"column":null}}],"line":22},"3":{"loc":{"start":{"line":20,"column":8},"end":{"line":21,"column":null}},"type":"if","locations":[{"start":{"line":20,"column":8},"end":{"line":21,"column":null}}],"line":20},"4":{"loc":{"start":{"line":20,"column":8},"end":{"line":21,"column":null}},"type":"binary-expr","locations":[{"start":{"line":20,"column":8},"end":{"line":20,"column":9}},{"start":{"line":20,"column":8},"end":{"line":21,"column":null}}],"line":20}},"s":{"0":2,"1":2,"2":2,"3":2,"4":2,"5":2,"6":2,"7":2,"8":2,"9":2,"10":2,"11":2,"12":2,"13":2},"f":{"0":2},"b":{"0":[2],"1":[2],"2":[1,1],"3":[2],"4":[2,0]},"meta":{"lastBranch":5,"lastFunction":1,"lastStatement":14,"seen":{"f:12:16:12:27":0,"s:12:27:12:29":0,"b:13:33:13:38":0,"s:13:33:13:38":1,"s:13:18:13:Infinity":2,"s:13:18:13:33":3,"s:17:6:17:Infinity":4,"s:18:6:18:Infinity":5,"b:20:15:20:29":1,"s:20:15:20:29":6,"s:20:8:20:Infinity":7,"s:22:10:25:Infinity":8,"b:22:10:25:Infinity:25:12:25:Infinity":2,"s:21:9:21:Infinity":9,"b:20:8:21:Infinity":3,"s:20:8:21:Infinity":10,"b:20:8:20:9:20:8:21:Infinity":4,"s:16:4:27:Infinity":11,"s:20:8:20:9":12,"s:15:2:16:5":13},"fnNames":{}}}
,"/Users/ahr/Desktop/my-work/projects/personal/lancehive/frontend/src/components/LoadingSkeleton/LoadingSkeleton.tsx": {"path":"/Users/ahr/Desktop/my-work/projects/personal/lancehive/frontend/src/components/LoadingSkeleton/LoadingSkeleton.tsx","statementMap":{"0":{"start":{"line":7,"column":32},"end":{"line":7,"column":34}},"1":{"start":{"line":8,"column":2},"end":{"line":17,"column":null}},"2":{"start":{"line":10,"column":7},"end":{"line":15,"column":null}},"3":{"start":{"line":9,"column":4},"end":{"line":10,"column":7}},"4":{"start":{"line":19,"column":2},"end":{"line":30,"column":null}},"5":{"start":{"line":21,"column":7},"end":{"line":28,"column":null}},"6":{"start":{"line":20,"column":4},"end":{"line":21,"column":7}},"7":{"start":{"line":33,"column":5},"end":{"line":37,"column":null}},"8":{"start":{"line":32,"column":2},"end":{"line":33,"column":5}}},"fnMap":{"0":{"name":"LoadingSkeleton","decl":{"start":{"line":7,"column":16},"end":{"line":7,"column":32}},"loc":{"start":{"line":7,"column":67},"end":{"line":39,"column":null}},"line":7}},"branchMap":{"0":{"loc":{"start":{"line":8,"column":2},"end":{"line":17,"column":null}},"type":"if","locations":[{"start":{"line":8,"column":2},"end":{"line":17,"column":null}},{"start":{},"end":{}}],"line":8},"1":{"loc":{"start":{"line":19,"column":2},"end":{"line":30,"column":null}},"type":"if","locations":[{"start":{"line":19,"column":2},"end":{"line":30,"column":null}},{"start":{},"end":{}}],"line":19}},"s":{"0":3,"1":3,"2":1,"3":1,"4":2,"5":1,"6":1,"7":1,"8":1},"f":{"0":3},"b":{"0":[1,2],"1":[1,1]},"meta":{"lastBranch":2,"lastFunction":1,"lastStatement":9,"seen":{"f:7:16:7:32":0,"s:7:32:7:34":0,"b:8:2:17:Infinity:undefined:undefined:undefined:undefined":0,"s:8:2:17:Infinity":1,"s:10:7:15:Infinity":2,"s:9:4:10:7":3,"b:19:2:30:Infinity:undefined:undefined:undefined:undefined":1,"s:19:2:30:Infinity":4,"s:21:7:28:Infinity":5,"s:20:4:21:7":6,"s:33:5:37:Infinity":7,"s:32:2:33:5":8},"fnNames":{}}}
,"/Users/ahr/Desktop/my-work/projects/personal/lancehive/frontend/src/components/PageHeader/PageHeader.tsx": {"path":"/Users/ahr/Desktop/my-work/projects/personal/lancehive/frontend/src/components/PageHeader/PageHeader.tsx","statementMap":{"0":{"start":{"line":9,"column":27},"end":{"line":9,"column":29}},"1":{"start":{"line":13,"column":76},"end":{"line":13,"column":86}},"2":{"start":{"line":13,"column":8},"end":{"line":13,"column":null}},"3":{"start":{"line":14,"column":23},"end":{"line":14,"column":null}},"4":{"start":{"line":14,"column":9},"end":{"line":14,"column":23}},"5":{"start":{"line":13,"column":8},"end":{"line":14,"column":23}},"6":{"start":{"line":12,"column":6},"end":{"line":15,"column":null}},"7":{"start":{"line":13,"column":8},"end":{"line":13,"column":9}},"8":{"start":{"line":16,"column":17},"end":{"line":16,"column":null}},"9":{"start":{"line":16,"column":7},"end":{"line":16,"column":17}},"10":{"start":{"line":12,"column":6},"end":{"line":16,"column":17}},"11":{"start":{"line":11,"column":4},"end":{"line":17,"column":null}},"12":{"start":{"line":12,"column":6},"end":{"line":12,"column":7}},"13":{"start":{"line":10,"column":2},"end":{"line":11,"column":5}}},"fnMap":{"0":{"name":"PageHeader","decl":{"start":{"line":9,"column":16},"end":{"line":9,"column":27}},"loc":{"start":{"line":9,"column":77},"end":{"line":19,"column":null}},"line":9}},"branchMap":{"0":{"loc":{"start":{"line":13,"column":76},"end":{"line":13,"column":86}},"type":"if","locations":[{"start":{"line":13,"column":76},"end":{"line":13,"column":86}}],"line":13},"1":{"loc":{"start":{"line":14,"column":23},"end":{"line":14,"column":null}},"type":"cond-expr","locations":[{"start":{"line":14,"column":23},"end":{"line":14,"column":null}},{"start":{"line":14,"column":88},"end":{"line":14,"column":null}}],"line":14},"2":{"loc":{"start":{"line":13,"column":8},"end":{"line":14,"column":23}},"type":"if","locations":[{"start":{"line":13,"column":8},"end":{"line":14,"column":23}}],"line":13},"3":{"loc":{"start":{"line":13,"column":8},"end":{"line":14,"column":23}},"type":"binary-expr","locations":[{"start":{"line":13,"column":8},"end":{"line":13,"column":9}},{"start":{"line":13,"column":8},"end":{"line":14,"column":23}}],"line":13},"4":{"loc":{"start":{"line":16,"column":17},"end":{"line":16,"column":null}},"type":"cond-expr","locations":[{"start":{"line":16,"column":17},"end":{"line":16,"column":null}},{"start":{"line":16,"column":85},"end":{"line":16,"column":null}}],"line":16},"5":{"loc":{"start":{"line":12,"column":6},"end":{"line":16,"column":17}},"type":"if","locations":[{"start":{"line":12,"column":6},"end":{"line":16,"column":17}}],"line":12},"6":{"loc":{"start":{"line":12,"column":6},"end":{"line":16,"column":17}},"type":"binary-expr","locations":[{"start":{"line":12,"column":6},"end":{"line":12,"column":7}},{"start":{"line":12,"column":6},"end":{"line":16,"column":17}}],"line":12}},"s":{"0":1,"1":1,"2":1,"3":1,"4":1,"5":1,"6":1,"7":1,"8":1,"9":1,"10":1,"11":1,"12":1,"13":1},"f":{"0":1},"b":{"0":[1],"1":[1,0],"2":[1],"3":[1,0],"4":[1,0],"5":[1],"6":[1,0]},"meta":{"lastBranch":7,"lastFunction":1,"lastStatement":14,"seen":{"f:9:16:9:27":0,"s:9:27:9:29":0,"b:13:76:13:86":0,"s:13:76:13:86":1,"s:13:8:13:Infinity":2,"s:14:23:14:Infinity":3,"b:14:23:14:Infinity:14:88:14:Infinity":1,"s:14:9:14:23":4,"b:13:8:14:23":2,"s:13:8:14:23":5,"b:13:8:13:9:13:8:14:23":3,"s:12:6:15:Infinity":6,"s:13:8:13:9":7,"s:16:17:16:Infinity":8,"b:16:17:16:Infinity:16:85:16:Infinity":4,"s:16:7:16:17":9,"b:12:6:16:17":5,"s:12:6:16:17":10,"b:12:6:12:7:12:6:16:17":6,"s:11:4:17:Infinity":11,"s:12:6:12:7":12,"s:10:2:11:5":13},"fnNames":{}}}
,"/Users/ahr/Desktop/my-work/projects/personal/lancehive/frontend/src/components/ReadOnlyBanner/ReadOnlyBanner.tsx": {"path":"/Users/ahr/Desktop/my-work/projects/personal/lancehive/frontend/src/components/ReadOnlyBanner/ReadOnlyBanner.tsx","statementMap":{"0":{"start":{"line":9,"column":6},"end":{"line":9,"column":null}},"1":{"start":{"line":10,"column":6},"end":{"line":10,"column":null}},"2":{"start":{"line":8,"column":5},"end":{"line":20,"column":null}},"3":{"start":{"line":7,"column":2},"end":{"line":8,"column":5}}},"fnMap":{"0":{"name":"ReadOnlyBanner","decl":{"start":{"line":6,"column":16},"end":{"line":6,"column":33}},"loc":{"start":{"line":6,"column":33},"end":{"line":22,"column":null}},"line":6}},"branchMap":{},"s":{"0":1,"1":1,"2":1,"3":1},"f":{"0":1},"b":{},"meta":{"lastBranch":0,"lastFunction":1,"lastStatement":4,"seen":{"f:6:16:6:33":0,"s:9:6:9:Infinity":0,"s:10:6:10:Infinity":1,"s:8:5:20:Infinity":2,"s:7:2:8:5":3},"fnNames":{}}}
,"/Users/ahr/Desktop/my-work/projects/personal/lancehive/frontend/src/components/ui/alert-dialog.tsx": {"path":"/Users/ahr/Desktop/my-work/projects/personal/lancehive/frontend/src/components/ui/alert-dialog.tsx","statementMap":{"0":{"start":{"line":7,"column":21},"end":{"line":7,"column":23}},"1":{"start":{"line":7,"column":23},"end":{"line":7,"column":23}},"2":{"start":{"line":8,"column":65},"end":{"line":8,"column":73}},"3":{"start":{"line":8,"column":9},"end":{"line":8,"column":null}},"4":{"start":{"line":8,"column":2},"end":{"line":8,"column":10}},"5":{"start":{"line":11,"column":28},"end":{"line":11,"column":30}},"6":{"start":{"line":11,"column":30},"end":{"line":11,"column":30}},"7":{"start":{"line":13,"column":71},"end":{"line":13,"column":79}},"8":{"start":{"line":13,"column":4},"end":{"line":13,"column":null}},"9":{"start":{"line":12,"column":2},"end":{"line":13,"column":5}},"10":{"start":{"line":17,"column":27},"end":{"line":17,"column":29}},"11":{"start":{"line":17,"column":29},"end":{"line":17,"column":29}},"12":{"start":{"line":19,"column":69},"end":{"line":19,"column":77}},"13":{"start":{"line":19,"column":4},"end":{"line":19,"column":null}},"14":{"start":{"line":18,"column":2},"end":{"line":19,"column":5}},"15":{"start":{"line":23,"column":28},"end":{"line":23,"column":null}},"16":{"start":{"line":24,"column":2},"end":{"line":23,"column":null}},"17":{"start":{"line":32,"column":8},"end":{"line":32,"column":null}},"18":{"start":{"line":30,"column":17},"end":{"line":33,"column":null}},"19":{"start":{"line":34,"column":10},"end":{"line":30,"column":null}},"20":{"start":{"line":28,"column":4},"end":{"line":35,"column":null}},"21":{"start":{"line":34,"column":10},"end":{"line":34,"column":null}},"22":{"start":{"line":30,"column":17},"end":{"line":30,"column":null}},"23":{"start":{"line":27,"column":2},"end":{"line":28,"column":5}},"24":{"start":{"line":39,"column":28},"end":{"line":39,"column":null}},"25":{"start":{"line":40,"column":2},"end":{"line":39,"column":null}},"26":{"start":{"line":41,"column":2},"end":{"line":41,"column":9}},"27":{"start":{"line":48,"column":7},"end":{"line":48,"column":null}},"28":{"start":{"line":54,"column":10},"end":{"line":54,"column":null}},"29":{"start":{"line":52,"column":19},"end":{"line":55,"column":null}},"30":{"start":{"line":56,"column":12},"end":{"line":52,"column":null}},"31":{"start":{"line":47,"column":4},"end":{"line":58,"column":null}},"32":{"start":{"line":56,"column":12},"end":{"line":56,"column":null}},"33":{"start":{"line":51,"column":19},"end":{"line":51,"column":null}},"34":{"start":{"line":52,"column":19},"end":{"line":52,"column":null}},"35":{"start":{"line":46,"column":2},"end":{"line":47,"column":5}},"36":{"start":{"line":62,"column":27},"end":{"line":62,"column":null}},"37":{"start":{"line":63,"column":2},"end":{"line":62,"column":null}},"38":{"start":{"line":71,"column":8},"end":{"line":71,"column":null}},"39":{"start":{"line":69,"column":17},"end":{"line":72,"column":null}},"40":{"start":{"line":73,"column":10},"end":{"line":69,"column":null}},"41":{"start":{"line":67,"column":4},"end":{"line":74,"column":null}},"42":{"start":{"line":73,"column":10},"end":{"line":73,"column":null}},"43":{"start":{"line":69,"column":17},"end":{"line":69,"column":null}},"44":{"start":{"line":66,"column":2},"end":{"line":67,"column":5}},"45":{"start":{"line":78,"column":27},"end":{"line":78,"column":null}},"46":{"start":{"line":79,"column":2},"end":{"line":78,"column":null}},"47":{"start":{"line":87,"column":8},"end":{"line":87,"column":null}},"48":{"start":{"line":85,"column":17},"end":{"line":88,"column":null}},"49":{"start":{"line":89,"column":10},"end":{"line":85,"column":null}},"50":{"start":{"line":83,"column":4},"end":{"line":90,"column":null}},"51":{"start":{"line":89,"column":10},"end":{"line":89,"column":null}},"52":{"start":{"line":85,"column":17},"end":{"line":85,"column":null}},"53":{"start":{"line":82,"column":2},"end":{"line":83,"column":5}},"54":{"start":{"line":94,"column":26},"end":{"line":94,"column":null}},"55":{"start":{"line":95,"column":2},"end":{"line":94,"column":null}},"56":{"start":{"line":103,"column":8},"end":{"line":103,"column":null}},"57":{"start":{"line":101,"column":17},"end":{"line":104,"column":null}},"58":{"start":{"line":105,"column":10},"end":{"line":101,"column":null}},"59":{"start":{"line":99,"column":4},"end":{"line":106,"column":null}},"60":{"start":{"line":105,"column":10},"end":{"line":105,"column":null}},"61":{"start":{"line":101,"column":17},"end":{"line":101,"column":null}},"62":{"start":{"line":98,"column":2},"end":{"line":99,"column":5}},"63":{"start":{"line":110,"column":26},"end":{"line":110,"column":null}},"64":{"start":{"line":111,"column":2},"end":{"line":110,"column":null}},"65":{"start":{"line":119,"column":8},"end":{"line":119,"column":null}},"66":{"start":{"line":117,"column":17},"end":{"line":120,"column":null}},"67":{"start":{"line":121,"column":10},"end":{"line":117,"column":null}},"68":{"start":{"line":115,"column":4},"end":{"line":122,"column":null}},"69":{"start":{"line":121,"column":10},"end":{"line":121,"column":null}},"70":{"start":{"line":117,"column":17},"end":{"line":117,"column":null}},"71":{"start":{"line":114,"column":2},"end":{"line":115,"column":5}},"72":{"start":{"line":126,"column":32},"end":{"line":126,"column":null}},"73":{"start":{"line":127,"column":2},"end":{"line":126,"column":null}},"74":{"start":{"line":135,"column":8},"end":{"line":135,"column":null}},"75":{"start":{"line":133,"column":17},"end":{"line":136,"column":null}},"76":{"start":{"line":137,"column":10},"end":{"line":133,"column":null}},"77":{"start":{"line":131,"column":4},"end":{"line":138,"column":null}},"78":{"start":{"line":137,"column":10},"end":{"line":137,"column":null}},"79":{"start":{"line":133,"column":17},"end":{"line":133,"column":null}},"80":{"start":{"line":130,"column":2},"end":{"line":131,"column":5}},"81":{"start":{"line":142,"column":27},"end":{"line":142,"column":null}},"82":{"start":{"line":143,"column":2},"end":{"line":142,"column":null}},"83":{"start":{"line":149,"column":20},"end":{"line":149,"column":29}},"84":{"start":{"line":149,"column":17},"end":{"line":149,"column":null}},"85":{"start":{"line":150,"column":10},"end":{"line":149,"column":20}},"86":{"start":{"line":147,"column":4},"end":{"line":151,"column":null}},"87":{"start":{"line":150,"column":10},"end":{"line":150,"column":null}},"88":{"start":{"line":149,"column":17},"end":{"line":149,"column":20}},"89":{"start":{"line":146,"column":2},"end":{"line":147,"column":5}},"90":{"start":{"line":155,"column":27},"end":{"line":155,"column":null}},"91":{"start":{"line":156,"column":2},"end":{"line":155,"column":null}},"92":{"start":{"line":157,"column":2},"end":{"line":157,"column":12}},"93":{"start":{"line":158,"column":2},"end":{"line":158,"column":9}},"94":{"start":{"line":165,"column":20},"end":{"line":165,"column":29}},"95":{"start":{"line":165,"column":17},"end":{"line":165,"column":null}},"96":{"start":{"line":166,"column":46},"end":{"line":166,"column":46}},"97":{"start":{"line":166,"column":14},"end":{"line":166,"column":null}},"98":{"start":{"line":166,"column":46},"end":{"line":166,"column":53}},"99":{"start":{"line":166,"column":31},"end":{"line":166,"column":46}},"100":{"start":{"line":167,"column":10},"end":{"line":166,"column":15}},"101":{"start":{"line":163,"column":4},"end":{"line":168,"column":null}},"102":{"start":{"line":167,"column":10},"end":{"line":167,"column":null}},"103":{"start":{"line":165,"column":17},"end":{"line":165,"column":20}},"104":{"start":{"line":166,"column":14},"end":{"line":166,"column":15}},"105":{"start":{"line":162,"column":2},"end":{"line":163,"column":5}}},"fnMap":{"0":{"name":"AlertDialog","decl":{"start":{"line":7,"column":9},"end":{"line":7,"column":21}},"loc":{"start":{"line":7,"column":68},"end":{"line":9,"column":null}},"line":7},"1":{"name":"AlertDialogTrigger","decl":{"start":{"line":11,"column":9},"end":{"line":11,"column":28}},"loc":{"start":{"line":11,"column":78},"end":{"line":15,"column":null}},"line":11},"2":{"name":"AlertDialogPortal","decl":{"start":{"line":17,"column":9},"end":{"line":17,"column":27}},"loc":{"start":{"line":17,"column":76},"end":{"line":21,"column":null}},"line":17},"3":{"name":"AlertDialogOverlay","decl":{"start":{"line":23,"column":9},"end":{"line":23,"column":28}},"loc":{"start":{"line":26,"column":40},"end":{"line":37,"column":null}},"line":26},"4":{"name":"AlertDialogContent","decl":{"start":{"line":39,"column":9},"end":{"line":39,"column":28}},"loc":{"start":{"line":45,"column":3},"end":{"line":60,"column":null}},"line":45},"5":{"name":"AlertDialogHeader","decl":{"start":{"line":62,"column":9},"end":{"line":62,"column":27}},"loc":{"start":{"line":65,"column":32},"end":{"line":76,"column":null}},"line":65},"6":{"name":"AlertDialogFooter","decl":{"start":{"line":78,"column":9},"end":{"line":78,"column":27}},"loc":{"start":{"line":81,"column":32},"end":{"line":92,"column":null}},"line":81},"7":{"name":"AlertDialogMedia","decl":{"start":{"line":94,"column":9},"end":{"line":94,"column":26}},"loc":{"start":{"line":97,"column":32},"end":{"line":108,"column":null}},"line":97},"8":{"name":"AlertDialogTitle","decl":{"start":{"line":110,"column":9},"end":{"line":110,"column":26}},"loc":{"start":{"line":113,"column":60},"end":{"line":124,"column":null}},"line":113},"9":{"name":"AlertDialogDescription","decl":{"start":{"line":126,"column":9},"end":{"line":126,"column":32}},"loc":{"start":{"line":129,"column":66},"end":{"line":140,"column":null}},"line":129},"10":{"name":"AlertDialogAction","decl":{"start":{"line":142,"column":9},"end":{"line":142,"column":27}},"loc":{"start":{"line":145,"column":40},"end":{"line":153,"column":null}},"line":145},"11":{"name":"AlertDialogCancel","decl":{"start":{"line":155,"column":9},"end":{"line":155,"column":27}},"loc":{"start":{"line":161,"column":65},"end":{"line":170,"column":null}},"line":161}},"branchMap":{"0":{"loc":{"start":{"line":7,"column":21},"end":{"line":7,"column":23}},"type":"if","locations":[{"start":{"line":7,"column":21},"end":{"line":7,"column":23}}],"line":7},"1":{"loc":{"start":{"line":8,"column":65},"end":{"line":8,"column":73}},"type":"if","locations":[{"start":{"line":8,"column":65},"end":{"line":8,"column":73}}],"line":8},"2":{"loc":{"start":{"line":11,"column":28},"end":{"line":11,"column":30}},"type":"if","locations":[{"start":{"line":11,"column":28},"end":{"line":11,"column":30}}],"line":11},"3":{"loc":{"start":{"line":13,"column":71},"end":{"line":13,"column":79}},"type":"if","locations":[{"start":{"line":13,"column":71},"end":{"line":13,"column":79}}],"line":13},"4":{"loc":{"start":{"line":17,"column":27},"end":{"line":17,"column":29}},"type":"if","locations":[{"start":{"line":17,"column":27},"end":{"line":17,"column":29}}],"line":17},"5":{"loc":{"start":{"line":19,"column":69},"end":{"line":19,"column":77}},"type":"if","locations":[{"start":{"line":19,"column":69},"end":{"line":19,"column":77}}],"line":19},"6":{"loc":{"start":{"line":23,"column":28},"end":{"line":23,"column":null}},"type":"if","locations":[{"start":{"line":23,"column":28},"end":{"line":23,"column":null}}],"line":23},"7":{"loc":{"start":{"line":32,"column":8},"end":{"line":32,"column":null}},"type":"if","locations":[{"start":{"line":32,"column":8},"end":{"line":32,"column":null}}],"line":32},"8":{"loc":{"start":{"line":34,"column":10},"end":{"line":30,"column":null}},"type":"if","locations":[{"start":{"line":34,"column":10},"end":{"line":30,"column":null}}],"line":34},"9":{"loc":{"start":{"line":34,"column":10},"end":{"line":30,"column":null}},"type":"binary-expr","locations":[{"start":{"line":34,"column":10},"end":{"line":34,"column":null}},{"start":{"line":34,"column":10},"end":{"line":30,"column":null}}],"line":34},"10":{"loc":{"start":{"line":39,"column":28},"end":{"line":39,"column":null}},"type":"if","locations":[{"start":{"line":39,"column":28},"end":{"line":39,"column":null}}],"line":39},"11":{"loc":{"start":{"line":41,"column":2},"end":{"line":41,"column":9}},"type":"cond-expr","locations":[{"start":{"line":41,"column":9},"end":{"line":41,"column":null}},{"start":{"line":41,"column":2},"end":{"line":41,"column":9}}],"line":41},"12":{"loc":{"start":{"line":54,"column":10},"end":{"line":54,"column":null}},"type":"if","locations":[{"start":{"line":54,"column":10},"end":{"line":54,"column":null}}],"line":54},"13":{"loc":{"start":{"line":56,"column":12},"end":{"line":52,"column":null}},"type":"if","locations":[{"start":{"line":56,"column":12},"end":{"line":52,"column":null}}],"line":56},"14":{"loc":{"start":{"line":56,"column":12},"end":{"line":52,"column":null}},"type":"binary-expr","locations":[{"start":{"line":56,"column":12},"end":{"line":56,"column":null}},{"start":{"line":56,"column":12},"end":{"line":51,"column":null}},{"start":{"line":51,"column":19},"end":{"line":52,"column":null}}],"line":56},"15":{"loc":{"start":{"line":62,"column":27},"end":{"line":62,"column":null}},"type":"if","locations":[{"start":{"line":62,"column":27},"end":{"line":62,"column":null}}],"line":62},"16":{"loc":{"start":{"line":71,"column":8},"end":{"line":71,"column":null}},"type":"if","locations":[{"start":{"line":71,"column":8},"end":{"line":71,"column":null}}],"line":71},"17":{"loc":{"start":{"line":73,"column":10},"end":{"line":69,"column":null}},"type":"if","locations":[{"start":{"line":73,"column":10},"end":{"line":69,"column":null}}],"line":73},"18":{"loc":{"start":{"line":73,"column":10},"end":{"line":69,"column":null}},"type":"binary-expr","locations":[{"start":{"line":73,"column":10},"end":{"line":73,"column":null}},{"start":{"line":73,"column":10},"end":{"line":69,"column":null}}],"line":73},"19":{"loc":{"start":{"line":78,"column":27},"end":{"line":78,"column":null}},"type":"if","locations":[{"start":{"line":78,"column":27},"end":{"line":78,"column":null}}],"line":78},"20":{"loc":{"start":{"line":87,"column":8},"end":{"line":87,"column":null}},"type":"if","locations":[{"start":{"line":87,"column":8},"end":{"line":87,"column":null}}],"line":87},"21":{"loc":{"start":{"line":89,"column":10},"end":{"line":85,"column":null}},"type":"if","locations":[{"start":{"line":89,"column":10},"end":{"line":85,"column":null}}],"line":89},"22":{"loc":{"start":{"line":89,"column":10},"end":{"line":85,"column":null}},"type":"binary-expr","locations":[{"start":{"line":89,"column":10},"end":{"line":89,"column":null}},{"start":{"line":89,"column":10},"end":{"line":85,"column":null}}],"line":89},"23":{"loc":{"start":{"line":94,"column":26},"end":{"line":94,"column":null}},"type":"if","locations":[{"start":{"line":94,"column":26},"end":{"line":94,"column":null}}],"line":94},"24":{"loc":{"start":{"line":103,"column":8},"end":{"line":103,"column":null}},"type":"if","locations":[{"start":{"line":103,"column":8},"end":{"line":103,"column":null}}],"line":103},"25":{"loc":{"start":{"line":105,"column":10},"end":{"line":101,"column":null}},"type":"if","locations":[{"start":{"line":105,"column":10},"end":{"line":101,"column":null}}],"line":105},"26":{"loc":{"start":{"line":105,"column":10},"end":{"line":101,"column":null}},"type":"binary-expr","locations":[{"start":{"line":105,"column":10},"end":{"line":105,"column":null}},{"start":{"line":105,"column":10},"end":{"line":101,"column":null}}],"line":105},"27":{"loc":{"start":{"line":110,"column":26},"end":{"line":110,"column":null}},"type":"if","locations":[{"start":{"line":110,"column":26},"end":{"line":110,"column":null}}],"line":110},"28":{"loc":{"start":{"line":119,"column":8},"end":{"line":119,"column":null}},"type":"if","locations":[{"start":{"line":119,"column":8},"end":{"line":119,"column":null}}],"line":119},"29":{"loc":{"start":{"line":121,"column":10},"end":{"line":117,"column":null}},"type":"if","locations":[{"start":{"line":121,"column":10},"end":{"line":117,"column":null}}],"line":121},"30":{"loc":{"start":{"line":121,"column":10},"end":{"line":117,"column":null}},"type":"binary-expr","locations":[{"start":{"line":121,"column":10},"end":{"line":121,"column":null}},{"start":{"line":121,"column":10},"end":{"line":117,"column":null}}],"line":121},"31":{"loc":{"start":{"line":126,"column":32},"end":{"line":126,"column":null}},"type":"if","locations":[{"start":{"line":126,"column":32},"end":{"line":126,"column":null}}],"line":126},"32":{"loc":{"start":{"line":135,"column":8},"end":{"line":135,"column":null}},"type":"if","locations":[{"start":{"line":135,"column":8},"end":{"line":135,"column":null}}],"line":135},"33":{"loc":{"start":{"line":137,"column":10},"end":{"line":133,"column":null}},"type":"if","locations":[{"start":{"line":137,"column":10},"end":{"line":133,"column":null}}],"line":137},"34":{"loc":{"start":{"line":137,"column":10},"end":{"line":133,"column":null}},"type":"binary-expr","locations":[{"start":{"line":137,"column":10},"end":{"line":137,"column":null}},{"start":{"line":137,"column":10},"end":{"line":133,"column":null}}],"line":137},"35":{"loc":{"start":{"line":142,"column":27},"end":{"line":142,"column":null}},"type":"if","locations":[{"start":{"line":142,"column":27},"end":{"line":142,"column":null}}],"line":142},"36":{"loc":{"start":{"line":149,"column":20},"end":{"line":149,"column":29}},"type":"if","locations":[{"start":{"line":149,"column":20},"end":{"line":149,"column":29}}],"line":149},"37":{"loc":{"start":{"line":150,"column":10},"end":{"line":149,"column":20}},"type":"if","locations":[{"start":{"line":150,"column":10},"end":{"line":149,"column":20}}],"line":150},"38":{"loc":{"start":{"line":150,"column":10},"end":{"line":149,"column":20}},"type":"binary-expr","locations":[{"start":{"line":150,"column":10},"end":{"line":150,"column":null}},{"start":{"line":150,"column":10},"end":{"line":149,"column":20}}],"line":150},"39":{"loc":{"start":{"line":155,"column":27},"end":{"line":155,"column":null}},"type":"if","locations":[{"start":{"line":155,"column":27},"end":{"line":155,"column":null}}],"line":155},"40":{"loc":{"start":{"line":157,"column":2},"end":{"line":157,"column":12}},"type":"cond-expr","locations":[{"start":{"line":157,"column":12},"end":{"line":157,"column":null}},{"start":{"line":157,"column":2},"end":{"line":157,"column":12}}],"line":157},"41":{"loc":{"start":{"line":158,"column":2},"end":{"line":158,"column":9}},"type":"cond-expr","locations":[{"start":{"line":158,"column":9},"end":{"line":158,"column":null}},{"start":{"line":158,"column":2},"end":{"line":158,"column":9}}],"line":158},"42":{"loc":{"start":{"line":165,"column":20},"end":{"line":165,"column":29}},"type":"if","locations":[{"start":{"line":165,"column":20},"end":{"line":165,"column":29}}],"line":165},"43":{"loc":{"start":{"line":166,"column":46},"end":{"line":166,"column":46}},"type":"if","locations":[{"start":{"line":166,"column":46},"end":{"line":166,"column":46}}],"line":166},"44":{"loc":{"start":{"line":166,"column":46},"end":{"line":166,"column":46}},"type":"binary-expr","locations":[{"start":{"line":166,"column":46},"end":{"line":166,"column":53}},{"start":{"line":166,"column":46},"end":{"line":166,"column":46}}],"line":166},"45":{"loc":{"start":{"line":167,"column":10},"end":{"line":166,"column":15}},"type":"if","locations":[{"start":{"line":167,"column":10},"end":{"line":166,"column":15}}],"line":167},"46":{"loc":{"start":{"line":167,"column":10},"end":{"line":166,"column":15}},"type":"binary-expr","locations":[{"start":{"line":167,"column":10},"end":{"line":167,"column":null}},{"start":{"line":167,"column":10},"end":{"line":165,"column":20}},{"start":{"line":165,"column":17},"end":{"line":166,"column":15}}],"line":167}},"s":{"0":1,"1":1,"2":1,"3":1,"4":1,"5":0,"6":0,"7":0,"8":0,"9":0,"10":1,"11":1,"12":1,"13":1,"14":1,"15":1,"16":1,"17":1,"18":1,"19":1,"20":1,"21":1,"22":1,"23":1,"24":1,"25":1,"26":1,"27":1,"28":1,"29":1,"30":1,"31":1,"32":1,"33":1,"34":1,"35":1,"36":1,"37":1,"38":1,"39":1,"40":1,"41":1,"42":1,"43":1,"44":1,"45":1,"46":1,"47":1,"48":1,"49":1,"50":1,"51":1,"52":1,"53":1,"54":0,"55":0,"56":0,"57":0,"58":0,"59":0,"60":0,"61":0,"62":0,"63":1,"64":1,"65":1,"66":1,"67":1,"68":1,"69":1,"70":1,"71":1,"72":1,"73":1,"74":1,"75":1,"76":1,"77":1,"78":1,"79":1,"80":1,"81":1,"82":1,"83":1,"84":1,"85":1,"86":1,"87":1,"88":1,"89":1,"90":1,"91":1,"92":1,"93":1,"94":1,"95":1,"96":1,"97":1,"98":1,"99":1,"100":1,"101":1,"102":1,"103":1,"104":1,"105":1},"f":{"0":1,"1":0,"2":1,"3":1,"4":1,"5":1,"6":1,"7":0,"8":1,"9":1,"10":1,"11":1},"b":{"0":[1],"1":[1],"2":[0],"3":[0],"4":[1],"5":[1],"6":[1],"7":[1],"8":[1],"9":[1,0],"10":[1],"11":[1,0],"12":[1],"13":[1],"14":[1,0,0],"15":[1],"16":[1],"17":[1],"18":[1,0],"19":[1],"20":[1],"21":[1],"22":[1,0],"23":[0],"24":[0],"25":[0],"26":[0,0],"27":[1],"28":[1],"29":[1],"30":[1,0],"31":[1],"32":[1],"33":[1],"34":[1,0],"35":[1],"36":[1],"37":[1],"38":[1,0],"39":[1],"40":[1,0],"41":[1,0],"42":[1],"43":[1],"44":[1,0],"45":[1],"46":[1,0,0]},"meta":{"lastBranch":47,"lastFunction":12,"lastStatement":106,"seen":{"f:7:9:7:21":0,"b:7:21:7:23":0,"s:7:21:7:23":0,"s:7:23:7:23":1,"b:8:65:8:73":1,"s:8:65:8:73":2,"s:8:9:8:Infinity":3,"s:8:2:8:10":4,"f:11:9:11:28":1,"b:11:28:11:30":2,"s:11:28:11:30":5,"s:11:30:11:30":6,"b:13:71:13:79":3,"s:13:71:13:79":7,"s:13:4:13:Infinity":8,"s:12:2:13:5":9,"f:17:9:17:27":2,"b:17:27:17:29":4,"s:17:27:17:29":10,"s:17:29:17:29":11,"b:19:69:19:77":5,"s:19:69:19:77":12,"s:19:4:19:Infinity":13,"s:18:2:19:5":14,"f:23:9:23:28":3,"b:23:28:23:Infinity":6,"s:23:28:23:Infinity":15,"s:24:2:23:Infinity":16,"b:32:8:32:Infinity":7,"s:32:8:32:Infinity":17,"s:30:17:33:Infinity":18,"b:34:10:30:Infinity":8,"s:34:10:30:Infinity":19,"b:34:10:34:Infinity:34:10:30:Infinity":9,"s:28:4:35:Infinity":20,"s:34:10:34:Infinity":21,"s:30:17:30:Infinity":22,"s:27:2:28:5":23,"f:39:9:39:28":4,"b:39:28:39:Infinity":10,"s:39:28:39:Infinity":24,"s:40:2:39:Infinity":25,"s:41:2:41:9":26,"b:41:9:41:Infinity:41:2:41:9":11,"s:48:7:48:Infinity":27,"b:54:10:54:Infinity":12,"s:54:10:54:Infinity":28,"s:52:19:55:Infinity":29,"b:56:12:52:Infinity":13,"s:56:12:52:Infinity":30,"b:56:12:56:Infinity:56:12:51:Infinity:51:19:52:Infinity":14,"s:47:4:58:Infinity":31,"s:56:12:56:Infinity":32,"s:51:19:51:Infinity":33,"s:52:19:52:Infinity":34,"s:46:2:47:5":35,"f:62:9:62:27":5,"b:62:27:62:Infinity":15,"s:62:27:62:Infinity":36,"s:63:2:62:Infinity":37,"b:71:8:71:Infinity":16,"s:71:8:71:Infinity":38,"s:69:17:72:Infinity":39,"b:73:10:69:Infinity":17,"s:73:10:69:Infinity":40,"b:73:10:73:Infinity:73:10:69:Infinity":18,"s:67:4:74:Infinity":41,"s:73:10:73:Infinity":42,"s:69:17:69:Infinity":43,"s:66:2:67:5":44,"f:78:9:78:27":6,"b:78:27:78:Infinity":19,"s:78:27:78:Infinity":45,"s:79:2:78:Infinity":46,"b:87:8:87:Infinity":20,"s:87:8:87:Infinity":47,"s:85:17:88:Infinity":48,"b:89:10:85:Infinity":21,"s:89:10:85:Infinity":49,"b:89:10:89:Infinity:89:10:85:Infinity":22,"s:83:4:90:Infinity":50,"s:89:10:89:Infinity":51,"s:85:17:85:Infinity":52,"s:82:2:83:5":53,"f:94:9:94:26":7,"b:94:26:94:Infinity":23,"s:94:26:94:Infinity":54,"s:95:2:94:Infinity":55,"b:103:8:103:Infinity":24,"s:103:8:103:Infinity":56,"s:101:17:104:Infinity":57,"b:105:10:101:Infinity":25,"s:105:10:101:Infinity":58,"b:105:10:105:Infinity:105:10:101:Infinity":26,"s:99:4:106:Infinity":59,"s:105:10:105:Infinity":60,"s:101:17:101:Infinity":61,"s:98:2:99:5":62,"f:110:9:110:26":8,"b:110:26:110:Infinity":27,"s:110:26:110:Infinity":63,"s:111:2:110:Infinity":64,"b:119:8:119:Infinity":28,"s:119:8:119:Infinity":65,"s:117:17:120:Infinity":66,"b:121:10:117:Infinity":29,"s:121:10:117:Infinity":67,"b:121:10:121:Infinity:121:10:117:Infinity":30,"s:115:4:122:Infinity":68,"s:121:10:121:Infinity":69,"s:117:17:117:Infinity":70,"s:114:2:115:5":71,"f:126:9:126:32":9,"b:126:32:126:Infinity":31,"s:126:32:126:Infinity":72,"s:127:2:126:Infinity":73,"b:135:8:135:Infinity":32,"s:135:8:135:Infinity":74,"s:133:17:136:Infinity":75,"b:137:10:133:Infinity":33,"s:137:10:133:Infinity":76,"b:137:10:137:Infinity:137:10:133:Infinity":34,"s:131:4:138:Infinity":77,"s:137:10:137:Infinity":78,"s:133:17:133:Infinity":79,"s:130:2:131:5":80,"f:142:9:142:27":10,"b:142:27:142:Infinity":35,"s:142:27:142:Infinity":81,"s:143:2:142:Infinity":82,"b:149:20:149:29":36,"s:149:20:149:29":83,"s:149:17:149:Infinity":84,"b:150:10:149:20":37,"s:150:10:149:20":85,"b:150:10:150:Infinity:150:10:149:20":38,"s:147:4:151:Infinity":86,"s:150:10:150:Infinity":87,"s:149:17:149:20":88,"s:146:2:147:5":89,"f:155:9:155:27":11,"b:155:27:155:Infinity":39,"s:155:27:155:Infinity":90,"s:156:2:155:Infinity":91,"s:157:2:157:12":92,"b:157:12:157:Infinity:157:2:157:12":40,"s:158:2:158:9":93,"b:158:9:158:Infinity:158:2:158:9":41,"b:165:20:165:29":42,"s:165:20:165:29":94,"s:165:17:165:Infinity":95,"b:166:46:166:46":43,"s:166:46:166:46":96,"b:166:46:166:53:166:46:166:46":44,"s:166:14:166:Infinity":97,"s:166:46:166:53":98,"s:166:31:166:46":99,"b:167:10:166:15":45,"s:167:10:166:15":100,"b:167:10:167:Infinity:167:10:165:20:165:17:166:15":46,"s:163:4:168:Infinity":101,"s:167:10:167:Infinity":102,"s:165:17:165:20":103,"s:166:14:166:15":104,"s:162:2:163:5":105},"fnNames":{}}}
,"/Users/ahr/Desktop/my-work/projects/personal/lancehive/frontend/src/components/ui/alert.tsx": {"path":"/Users/ahr/Desktop/my-work/projects/personal/lancehive/frontend/src/components/ui/alert.tsx","statementMap":{"0":{"start":{"line":5,"column":22},"end":{"line":19,"column":null}},"1":{"start":{"line":21,"column":15},"end":{"line":21,"column":null}},"2":{"start":{"line":22,"column":2},"end":{"line":21,"column":null}},"3":{"start":{"line":30,"column":48},"end":{"line":30,"column":44}},"4":{"start":{"line":30,"column":17},"end":{"line":30,"column":null}},"5":{"start":{"line":30,"column":48},"end":{"line":30,"column":57}},"6":{"start":{"line":30,"column":36},"end":{"line":30,"column":44}},"7":{"start":{"line":31,"column":10},"end":{"line":30,"column":20}},"8":{"start":{"line":27,"column":4},"end":{"line":32,"column":null}},"9":{"start":{"line":31,"column":10},"end":{"line":31,"column":null}},"10":{"start":{"line":30,"column":17},"end":{"line":30,"column":20}},"11":{"start":{"line":26,"column":2},"end":{"line":27,"column":5}},"12":{"start":{"line":36,"column":20},"end":{"line":36,"column":22}},"13":{"start":{"line":36,"column":22},"end":{"line":36,"column":22}},"14":{"start":{"line":42,"column":8},"end":{"line":42,"column":null}},"15":{"start":{"line":40,"column":17},"end":{"line":43,"column":null}},"16":{"start":{"line":44,"column":10},"end":{"line":40,"column":null}},"17":{"start":{"line":38,"column":4},"end":{"line":45,"column":null}},"18":{"start":{"line":44,"column":10},"end":{"line":44,"column":null}},"19":{"start":{"line":40,"column":17},"end":{"line":40,"column":null}},"20":{"start":{"line":37,"column":2},"end":{"line":38,"column":5}},"21":{"start":{"line":49,"column":26},"end":{"line":49,"column":null}},"22":{"start":{"line":50,"column":2},"end":{"line":49,"column":null}},"23":{"start":{"line":58,"column":8},"end":{"line":58,"column":null}},"24":{"start":{"line":56,"column":17},"end":{"line":59,"column":null}},"25":{"start":{"line":60,"column":10},"end":{"line":56,"column":null}},"26":{"start":{"line":54,"column":4},"end":{"line":61,"column":null}},"27":{"start":{"line":60,"column":10},"end":{"line":60,"column":null}},"28":{"start":{"line":56,"column":17},"end":{"line":56,"column":null}},"29":{"start":{"line":53,"column":2},"end":{"line":54,"column":5}},"30":{"start":{"line":65,"column":21},"end":{"line":65,"column":23}},"31":{"start":{"line":65,"column":23},"end":{"line":65,"column":23}},"32":{"start":{"line":71,"column":8},"end":{"line":71,"column":null}},"33":{"start":{"line":69,"column":17},"end":{"line":72,"column":null}},"34":{"start":{"line":73,"column":10},"end":{"line":69,"column":null}},"35":{"start":{"line":67,"column":4},"end":{"line":74,"column":null}},"36":{"start":{"line":73,"column":10},"end":{"line":73,"column":null}},"37":{"start":{"line":69,"column":17},"end":{"line":69,"column":null}},"38":{"start":{"line":66,"column":2},"end":{"line":67,"column":5}}},"fnMap":{"0":{"name":"Alert","decl":{"start":{"line":21,"column":9},"end":{"line":21,"column":15}},"loc":{"start":{"line":25,"column":69},"end":{"line":34,"column":null}},"line":25},"1":{"name":"AlertTitle","decl":{"start":{"line":36,"column":9},"end":{"line":36,"column":20}},"loc":{"start":{"line":36,"column":74},"end":{"line":47,"column":null}},"line":36},"2":{"name":"AlertDescription","decl":{"start":{"line":49,"column":9},"end":{"line":49,"column":26}},"loc":{"start":{"line":52,"column":32},"end":{"line":63,"column":null}},"line":52},"3":{"name":"AlertAction","decl":{"start":{"line":65,"column":9},"end":{"line":65,"column":21}},"loc":{"start":{"line":65,"column":75},"end":{"line":76,"column":null}},"line":65}},"branchMap":{"0":{"loc":{"start":{"line":21,"column":15},"end":{"line":21,"column":null}},"type":"if","locations":[{"start":{"line":21,"column":15},"end":{"line":21,"column":null}}],"line":21},"1":{"loc":{"start":{"line":30,"column":48},"end":{"line":30,"column":44}},"type":"if","locations":[{"start":{"line":30,"column":48},"end":{"line":30,"column":44}}],"line":30},"2":{"loc":{"start":{"line":30,"column":48},"end":{"line":30,"column":44}},"type":"binary-expr","locations":[{"start":{"line":30,"column":48},"end":{"line":30,"column":57}},{"start":{"line":30,"column":48},"end":{"line":30,"column":44}}],"line":30},"3":{"loc":{"start":{"line":31,"column":10},"end":{"line":30,"column":20}},"type":"if","locations":[{"start":{"line":31,"column":10},"end":{"line":30,"column":20}}],"line":31},"4":{"loc":{"start":{"line":31,"column":10},"end":{"line":30,"column":20}},"type":"binary-expr","locations":[{"start":{"line":31,"column":10},"end":{"line":31,"column":null}},{"start":{"line":31,"column":10},"end":{"line":30,"column":20}}],"line":31},"5":{"loc":{"start":{"line":36,"column":20},"end":{"line":36,"column":22}},"type":"if","locations":[{"start":{"line":36,"column":20},"end":{"line":36,"column":22}}],"line":36},"6":{"loc":{"start":{"line":42,"column":8},"end":{"line":42,"column":null}},"type":"if","locations":[{"start":{"line":42,"column":8},"end":{"line":42,"column":null}}],"line":42},"7":{"loc":{"start":{"line":44,"column":10},"end":{"line":40,"column":null}},"type":"if","locations":[{"start":{"line":44,"column":10},"end":{"line":40,"column":null}}],"line":44},"8":{"loc":{"start":{"line":44,"column":10},"end":{"line":40,"column":null}},"type":"binary-expr","locations":[{"start":{"line":44,"column":10},"end":{"line":44,"column":null}},{"start":{"line":44,"column":10},"end":{"line":40,"column":null}}],"line":44},"9":{"loc":{"start":{"line":49,"column":26},"end":{"line":49,"column":null}},"type":"if","locations":[{"start":{"line":49,"column":26},"end":{"line":49,"column":null}}],"line":49},"10":{"loc":{"start":{"line":58,"column":8},"end":{"line":58,"column":null}},"type":"if","locations":[{"start":{"line":58,"column":8},"end":{"line":58,"column":null}}],"line":58},"11":{"loc":{"start":{"line":60,"column":10},"end":{"line":56,"column":null}},"type":"if","locations":[{"start":{"line":60,"column":10},"end":{"line":56,"column":null}}],"line":60},"12":{"loc":{"start":{"line":60,"column":10},"end":{"line":56,"column":null}},"type":"binary-expr","locations":[{"start":{"line":60,"column":10},"end":{"line":60,"column":null}},{"start":{"line":60,"column":10},"end":{"line":56,"column":null}}],"line":60},"13":{"loc":{"start":{"line":65,"column":21},"end":{"line":65,"column":23}},"type":"if","locations":[{"start":{"line":65,"column":21},"end":{"line":65,"column":23}}],"line":65},"14":{"loc":{"start":{"line":71,"column":8},"end":{"line":71,"column":null}},"type":"if","locations":[{"start":{"line":71,"column":8},"end":{"line":71,"column":null}}],"line":71},"15":{"loc":{"start":{"line":73,"column":10},"end":{"line":69,"column":null}},"type":"if","locations":[{"start":{"line":73,"column":10},"end":{"line":69,"column":null}}],"line":73},"16":{"loc":{"start":{"line":73,"column":10},"end":{"line":69,"column":null}},"type":"binary-expr","locations":[{"start":{"line":73,"column":10},"end":{"line":73,"column":null}},{"start":{"line":73,"column":10},"end":{"line":69,"column":null}}],"line":73}},"s":{"0":2,"1":3,"2":3,"3":3,"4":3,"5":3,"6":3,"7":3,"8":3,"9":3,"10":3,"11":3,"12":3,"13":3,"14":3,"15":3,"16":3,"17":3,"18":3,"19":3,"20":3,"21":3,"22":3,"23":3,"24":3,"25":3,"26":3,"27":3,"28":3,"29":3,"30":0,"31":0,"32":0,"33":0,"34":0,"35":0,"36":0,"37":0,"38":0},"f":{"0":3,"1":3,"2":3,"3":0},"b":{"0":[3],"1":[3],"2":[3,0],"3":[3],"4":[3,0],"5":[3],"6":[3],"7":[3],"8":[3,0],"9":[3],"10":[3],"11":[3],"12":[3,0],"13":[0],"14":[0],"15":[0],"16":[0,0]},"meta":{"lastBranch":17,"lastFunction":4,"lastStatement":39,"seen":{"s:5:22:19:Infinity":0,"f:21:9:21:15":0,"b:21:15:21:Infinity":0,"s:21:15:21:Infinity":1,"s:22:2:21:Infinity":2,"b:30:48:30:44":1,"s:30:48:30:44":3,"b:30:48:30:57:30:48:30:44":2,"s:30:17:30:Infinity":4,"s:30:48:30:57":5,"s:30:36:30:44":6,"b:31:10:30:20":3,"s:31:10:30:20":7,"b:31:10:31:Infinity:31:10:30:20":4,"s:27:4:32:Infinity":8,"s:31:10:31:Infinity":9,"s:30:17:30:20":10,"s:26:2:27:5":11,"f:36:9:36:20":1,"b:36:20:36:22":5,"s:36:20:36:22":12,"s:36:22:36:22":13,"b:42:8:42:Infinity":6,"s:42:8:42:Infinity":14,"s:40:17:43:Infinity":15,"b:44:10:40:Infinity":7,"s:44:10:40:Infinity":16,"b:44:10:44:Infinity:44:10:40:Infinity":8,"s:38:4:45:Infinity":17,"s:44:10:44:Infinity":18,"s:40:17:40:Infinity":19,"s:37:2:38:5":20,"f:49:9:49:26":2,"b:49:26:49:Infinity":9,"s:49:26:49:Infinity":21,"s:50:2:49:Infinity":22,"b:58:8:58:Infinity":10,"s:58:8:58:Infinity":23,"s:56:17:59:Infinity":24,"b:60:10:56:Infinity":11,"s:60:10:56:Infinity":25,"b:60:10:60:Infinity:60:10:56:Infinity":12,"s:54:4:61:Infinity":26,"s:60:10:60:Infinity":27,"s:56:17:56:Infinity":28,"s:53:2:54:5":29,"f:65:9:65:21":3,"b:65:21:65:23":13,"s:65:21:65:23":30,"s:65:23:65:23":31,"b:71:8:71:Infinity":14,"s:71:8:71:Infinity":32,"s:69:17:72:Infinity":33,"b:73:10:69:Infinity":15,"s:73:10:69:Infinity":34,"b:73:10:73:Infinity:73:10:69:Infinity":16,"s:67:4:74:Infinity":35,"s:73:10:73:Infinity":36,"s:69:17:69:Infinity":37,"s:66:2:67:5":38},"fnNames":{}}}
,"/Users/ahr/Desktop/my-work/projects/personal/lancehive/frontend/src/components/ui/button.tsx": {"path":"/Users/ahr/Desktop/my-work/projects/personal/lancehive/frontend/src/components/ui/button.tsx","statementMap":{"0":{"start":{"line":5,"column":23},"end":{"line":38,"column":null}},"1":{"start":{"line":40,"column":16},"end":{"line":40,"column":null}},"2":{"start":{"line":41,"column":2},"end":{"line":40,"column":null}},"3":{"start":{"line":42,"column":2},"end":{"line":42,"column":12}},"4":{"start":{"line":43,"column":2},"end":{"line":43,"column":9}},"5":{"start":{"line":49,"column":52},"end":{"line":49,"column":46}},"6":{"start":{"line":49,"column":17},"end":{"line":49,"column":null}},"7":{"start":{"line":49,"column":52},"end":{"line":49,"column":62}},"8":{"start":{"line":49,"column":46},"end":{"line":49,"column":52}},"9":{"start":{"line":49,"column":37},"end":{"line":49,"column":46}},"10":{"start":{"line":50,"column":10},"end":{"line":49,"column":20}},"11":{"start":{"line":47,"column":4},"end":{"line":51,"column":null}},"12":{"start":{"line":50,"column":10},"end":{"line":50,"column":null}},"13":{"start":{"line":49,"column":17},"end":{"line":49,"column":20}},"14":{"start":{"line":46,"column":2},"end":{"line":47,"column":5}}},"fnMap":{"0":{"name":"Button","decl":{"start":{"line":40,"column":9},"end":{"line":40,"column":16}},"loc":{"start":{"line":45,"column":64},"end":{"line":53,"column":null}},"line":45}},"branchMap":{"0":{"loc":{"start":{"line":40,"column":16},"end":{"line":40,"column":null}},"type":"if","locations":[{"start":{"line":40,"column":16},"end":{"line":40,"column":null}}],"line":40},"1":{"loc":{"start":{"line":42,"column":2},"end":{"line":42,"column":12}},"type":"cond-expr","locations":[{"start":{"line":42,"column":12},"end":{"line":42,"column":null}},{"start":{"line":42,"column":2},"end":{"line":42,"column":12}}],"line":42},"2":{"loc":{"start":{"line":43,"column":2},"end":{"line":43,"column":9}},"type":"cond-expr","locations":[{"start":{"line":43,"column":9},"end":{"line":43,"column":null}},{"start":{"line":43,"column":2},"end":{"line":43,"column":9}}],"line":43},"3":{"loc":{"start":{"line":49,"column":52},"end":{"line":49,"column":46}},"type":"if","locations":[{"start":{"line":49,"column":52},"end":{"line":49,"column":46}}],"line":49},"4":{"loc":{"start":{"line":49,"column":52},"end":{"line":49,"column":46}},"type":"binary-expr","locations":[{"start":{"line":49,"column":52},"end":{"line":49,"column":62}},{"start":{"line":49,"column":52},"end":{"line":49,"column":52}},{"start":{"line":49,"column":46},"end":{"line":49,"column":46}}],"line":49},"5":{"loc":{"start":{"line":50,"column":10},"end":{"line":49,"column":20}},"type":"if","locations":[{"start":{"line":50,"column":10},"end":{"line":49,"column":20}}],"line":50},"6":{"loc":{"start":{"line":50,"column":10},"end":{"line":49,"column":20}},"type":"binary-expr","locations":[{"start":{"line":50,"column":10},"end":{"line":50,"column":null}},{"start":{"line":50,"column":10},"end":{"line":49,"column":20}}],"line":50}},"s":{"0":6,"1":10,"2":10,"3":10,"4":10,"5":10,"6":10,"7":10,"8":10,"9":10,"10":10,"11":10,"12":10,"13":10,"14":10},"f":{"0":10},"b":{"0":[10],"1":[4,6],"2":[4,6],"3":[10],"4":[10,0,0],"5":[10],"6":[10,0]},"meta":{"lastBranch":7,"lastFunction":1,"lastStatement":15,"seen":{"s:5:23:38:Infinity":0,"f:40:9:40:16":0,"b:40:16:40:Infinity":0,"s:40:16:40:Infinity":1,"s:41:2:40:Infinity":2,"s:42:2:42:12":3,"b:42:12:42:Infinity:42:2:42:12":1,"s:43:2:43:9":4,"b:43:9:43:Infinity:43:2:43:9":2,"b:49:52:49:46":3,"s:49:52:49:46":5,"b:49:52:49:62:49:52:49:52:49:46:49:46":4,"s:49:17:49:Infinity":6,"s:49:52:49:62":7,"s:49:46:49:52":8,"s:49:37:49:46":9,"b:50:10:49:20":5,"s:50:10:49:20":10,"b:50:10:50:Infinity:50:10:49:20":6,"s:47:4:51:Infinity":11,"s:50:10:50:Infinity":12,"s:49:17:49:20":13,"s:46:2:47:5":14},"fnNames":{}}}
,"/Users/ahr/Desktop/my-work/projects/personal/lancehive/frontend/src/components/ui/skeleton.tsx": {"path":"/Users/ahr/Desktop/my-work/projects/personal/lancehive/frontend/src/components/ui/skeleton.tsx","statementMap":{"0":{"start":{"line":3,"column":18},"end":{"line":3,"column":20}},"1":{"start":{"line":3,"column":20},"end":{"line":3,"column":20}},"2":{"start":{"line":7,"column":59},"end":{"line":7,"column":68}},"3":{"start":{"line":7,"column":17},"end":{"line":7,"column":null}},"4":{"start":{"line":8,"column":10},"end":{"line":7,"column":20}},"5":{"start":{"line":5,"column":4},"end":{"line":9,"column":null}},"6":{"start":{"line":8,"column":10},"end":{"line":8,"column":null}},"7":{"start":{"line":7,"column":17},"end":{"line":7,"column":20}},"8":{"start":{"line":4,"column":2},"end":{"line":5,"column":5}}},"fnMap":{"0":{"name":"Skeleton","decl":{"start":{"line":3,"column":9},"end":{"line":3,"column":18}},"loc":{"start":{"line":3,"column":72},"end":{"line":11,"column":null}},"line":3}},"branchMap":{"0":{"loc":{"start":{"line":3,"column":18},"end":{"line":3,"column":20}},"type":"if","locations":[{"start":{"line":3,"column":18},"end":{"line":3,"column":20}}],"line":3},"1":{"loc":{"start":{"line":7,"column":59},"end":{"line":7,"column":68}},"type":"if","locations":[{"start":{"line":7,"column":59},"end":{"line":7,"column":68}}],"line":7},"2":{"loc":{"start":{"line":8,"column":10},"end":{"line":7,"column":20}},"type":"if","locations":[{"start":{"line":8,"column":10},"end":{"line":7,"column":20}}],"line":8},"3":{"loc":{"start":{"line":8,"column":10},"end":{"line":7,"column":20}},"type":"binary-expr","locations":[{"start":{"line":8,"column":10},"end":{"line":8,"column":null}},{"start":{"line":8,"column":10},"end":{"line":7,"column":20}}],"line":8}},"s":{"0":10,"1":10,"2":10,"3":10,"4":10,"5":10,"6":10,"7":10,"8":10},"f":{"0":10},"b":{"0":[10],"1":[10],"2":[10],"3":[10,0]},"meta":{"lastBranch":4,"lastFunction":1,"lastStatement":9,"seen":{"f:3:9:3:18":0,"b:3:18:3:20":0,"s:3:18:3:20":0,"s:3:20:3:20":1,"b:7:59:7:68":1,"s:7:59:7:68":2,"s:7:17:7:Infinity":3,"b:8:10:7:20":2,"s:8:10:7:20":4,"b:8:10:8:Infinity:8:10:7:20":3,"s:5:4:9:Infinity":5,"s:8:10:8:Infinity":6,"s:7:17:7:20":7,"s:4:2:5:5":8},"fnNames":{}}}
,"/Users/ahr/Desktop/my-work/projects/personal/lancehive/frontend/src/features/Layout/pages/NotFoundPage.tsx": {"path":"/Users/ahr/Desktop/my-work/projects/personal/lancehive/frontend/src/features/Layout/pages/NotFoundPage.tsx","statementMap":{"0":{"start":{"line":8,"column":6},"end":{"line":8,"column":null}},"1":{"start":{"line":9,"column":6},"end":{"line":9,"column":null}},"2":{"start":{"line":7,"column":5},"end":{"line":13,"column":null}},"3":{"start":{"line":6,"column":2},"end":{"line":7,"column":5}}},"fnMap":{"0":{"name":"NotFoundPage","decl":{"start":{"line":5,"column":16},"end":{"line":5,"column":31}},"loc":{"start":{"line":5,"column":31},"end":{"line":15,"column":null}},"line":5}},"branchMap":{},"s":{"0":1,"1":1,"2":1,"3":1},"f":{"0":1},"b":{},"meta":{"lastBranch":0,"lastFunction":1,"lastStatement":4,"seen":{"f:5:16:5:31":0,"s:8:6:8:Infinity":0,"s:9:6:9:Infinity":1,"s:7:5:13:Infinity":2,"s:6:2:7:5":3},"fnNames":{}}}
,"/Users/ahr/Desktop/my-work/projects/personal/lancehive/frontend/src/features/Layout/pages/PlaceholderPage.tsx": {"path":"/Users/ahr/Desktop/my-work/projects/personal/lancehive/frontend/src/features/Layout/pages/PlaceholderPage.tsx","statementMap":{"0":{"start":{"line":5,"column":32},"end":{"line":5,"column":34}},"1":{"start":{"line":8,"column":59},"end":{"line":8,"column":69}},"2":{"start":{"line":8,"column":6},"end":{"line":8,"column":null}},"3":{"start":{"line":9,"column":7},"end":{"line":9,"column":null}},"4":{"start":{"line":8,"column":6},"end":{"line":8,"column":7}},"5":{"start":{"line":7,"column":4},"end":{"line":10,"column":null}},"6":{"start":{"line":6,"column":2},"end":{"line":7,"column":5}}},"fnMap":{"0":{"name":"PlaceholderPage","decl":{"start":{"line":5,"column":16},"end":{"line":5,"column":32}},"loc":{"start":{"line":5,"column":65},"end":{"line":12,"column":null}},"line":5}},"branchMap":{"0":{"loc":{"start":{"line":8,"column":59},"end":{"line":8,"column":69}},"type":"if","locations":[{"start":{"line":8,"column":59},"end":{"line":8,"column":69}}],"line":8},"1":{"loc":{"start":{"line":8,"column":6},"end":{"line":8,"column":7}},"type":"if","locations":[{"start":{"line":8,"column":6},"end":{"line":8,"column":7}}],"line":8}},"s":{"0":4,"1":4,"2":4,"3":4,"4":4,"5":4,"6":4},"f":{"0":4},"b":{"0":[4],"1":[4]},"meta":{"lastBranch":2,"lastFunction":1,"lastStatement":7,"seen":{"f:5:16:5:32":0,"s:5:32:5:34":0,"b:8:59:8:69":0,"s:8:59:8:69":1,"s:8:6:8:Infinity":2,"s:9:7:9:Infinity":3,"b:8:6:8:7":1,"s:8:6:8:7":4,"s:7:4:10:Infinity":5,"s:6:2:7:5":6},"fnNames":{}}}
,"/Users/ahr/Desktop/my-work/projects/personal/lancehive/frontend/src/lib/api/api.ts": {"path":"/Users/ahr/Desktop/my-work/projects/personal/lancehive/frontend/src/lib/api/api.ts","statementMap":{"0":{"start":{"line":5,"column":21},"end":{"line":5,"column":null}},"1":{"start":{"line":13,"column":55},"end":{"line":13,"column":null}},"2":{"start":{"line":14,"column":16},"end":{"line":14,"column":25}},"3":{"start":{"line":16,"column":19},"end":{"line":26,"column":null}},"4":{"start":{"line":28,"column":2},"end":{"line":31,"column":null}},"5":{"start":{"line":29,"column":18},"end":{"line":29,"column":null}},"6":{"start":{"line":29,"column":53},"end":{"line":29,"column":56}},"7":{"start":{"line":30,"column":4},"end":{"line":30,"column":null}},"8":{"start":{"line":33,"column":2},"end":{"line":35,"column":null}},"9":{"start":{"line":34,"column":4},"end":{"line":34,"column":null}},"10":{"start":{"line":37,"column":2},"end":{"line":37,"column":null}}},"fnMap":{"0":{"name":"apiRequest","decl":{"start":{"line":12,"column":22},"end":{"line":12,"column":36}},"loc":{"start":{"line":12,"column":92},"end":{"line":38,"column":null}},"line":12},"1":{"name":"(anonymous_1)","decl":{"start":{"line":29,"column":40},"end":{"line":29,"column":53}},"loc":{"start":{"line":29,"column":53},"end":{"line":29,"column":56}},"line":29}},"branchMap":{"0":{"loc":{"start":{"line":5,"column":21},"end":{"line":5,"column":null}},"type":"binary-expr","locations":[{"start":{"line":5,"column":21},"end":{"line":5,"column":53}},{"start":{"line":5,"column":53},"end":{"line":5,"column":null}}],"line":5},"1":{"loc":{"start":{"line":12,"column":50},"end":{"line":12,"column":92}},"type":"default-arg","locations":[{"start":{"line":12,"column":76},"end":{"line":12,"column":92}}],"line":12},"2":{"loc":{"start":{"line":21,"column":10},"end":{"line":21,"column":null}},"type":"cond-expr","locations":[{"start":{"line":21,"column":18},"end":{"line":21,"column":57}},{"start":{"line":21,"column":57},"end":{"line":21,"column":null}}],"line":21},"3":{"loc":{"start":{"line":22,"column":10},"end":{"line":22,"column":null}},"type":"cond-expr","locations":[{"start":{"line":22,"column":25},"end":{"line":22,"column":63}},{"start":{"line":22,"column":63},"end":{"line":22,"column":null}}],"line":22},"4":{"loc":{"start":{"line":23,"column":10},"end":{"line":23,"column":null}},"type":"cond-expr","locations":[{"start":{"line":23,"column":21},"end":{"line":23,"column":51}},{"start":{"line":23,"column":51},"end":{"line":23,"column":null}}],"line":23},"5":{"loc":{"start":{"line":28,"column":2},"end":{"line":31,"column":null}},"type":"if","locations":[{"start":{"line":28,"column":2},"end":{"line":31,"column":null}},{"start":{},"end":{}}],"line":28},"6":{"loc":{"start":{"line":33,"column":2},"end":{"line":35,"column":null}},"type":"if","locations":[{"start":{"line":33,"column":2},"end":{"line":35,"column":null}},{"start":{},"end":{}}],"line":33}},"s":{"0":1,"1":2,"2":2,"3":2,"4":2,"5":1,"6":0,"7":1,"8":1,"9":0,"10":1},"f":{"0":2,"1":0},"b":{"0":[1,0],"1":[2],"2":[0,2],"3":[0,2],"4":[0,2],"5":[1,1],"6":[0,1]},"meta":{"lastBranch":7,"lastFunction":2,"lastStatement":11,"seen":{"s:5:21:5:Infinity":0,"b:5:21:5:53:5:53:5:Infinity":0,"f:12:22:12:36":0,"b:12:76:12:92":1,"s:13:55:13:Infinity":1,"s:14:16:14:25":2,"s:16:19:26:Infinity":3,"b:21:18:21:57:21:57:21:Infinity":2,"b:22:25:22:63:22:63:22:Infinity":3,"b:23:21:23:51:23:51:23:Infinity":4,"b:28:2:31:Infinity:undefined:undefined:undefined:undefined":5,"s:28:2:31:Infinity":4,"s:29:18:29:Infinity":5,"f:29:40:29:53":1,"s:29:53:29:56":6,"s:30:4:30:Infinity":7,"b:33:2:35:Infinity:undefined:undefined:undefined:undefined":6,"s:33:2:35:Infinity":8,"s:34:4:34:Infinity":9,"s:37:2:37:Infinity":10},"fnNames":{}}}
,"/Users/ahr/Desktop/my-work/projects/personal/lancehive/frontend/src/lib/auth-storage/auth-storage.ts": {"path":"/Users/ahr/Desktop/my-work/projects/personal/lancehive/frontend/src/lib/auth-storage/auth-storage.ts","statementMap":{"0":{"start":{"line":1,"column":18},"end":{"line":1,"column":null}},"1":{"start":{"line":4,"column":2},"end":{"line":4,"column":null}},"2":{"start":{"line":8,"column":2},"end":{"line":8,"column":null}},"3":{"start":{"line":12,"column":2},"end":{"line":12,"column":null}}},"fnMap":{"0":{"name":"getToken","decl":{"start":{"line":3,"column":16},"end":{"line":3,"column":42}},"loc":{"start":{"line":3,"column":42},"end":{"line":5,"column":null}},"line":3},"1":{"name":"setToken","decl":{"start":{"line":7,"column":16},"end":{"line":7,"column":25}},"loc":{"start":{"line":7,"column":46},"end":{"line":9,"column":null}},"line":7},"2":{"name":"clearToken","decl":{"start":{"line":11,"column":16},"end":{"line":11,"column":35}},"loc":{"start":{"line":11,"column":35},"end":{"line":13,"column":null}},"line":11}},"branchMap":{},"s":{"0":2,"1":5,"2":1,"3":1},"f":{"0":5,"1":1,"2":1},"b":{},"meta":{"lastBranch":0,"lastFunction":3,"lastStatement":4,"seen":{"s:1:18:1:Infinity":0,"f:3:16:3:42":0,"s:4:2:4:Infinity":1,"f:7:16:7:25":1,"s:8:2:8:Infinity":2,"f:11:16:11:35":2,"s:12:2:12:Infinity":3},"fnNames":{}}}
,"/Users/ahr/Desktop/my-work/projects/personal/lancehive/frontend/src/lib/auth-storage/index.ts": {"path":"/Users/ahr/Desktop/my-work/projects/personal/lancehive/frontend/src/lib/auth-storage/index.ts","statementMap":{},"fnMap":{},"branchMap":{},"s":{},"f":{},"b":{},"meta":{"lastBranch":0,"lastFunction":0,"lastStatement":0,"seen":{},"fnNames":{}}}
,"/Users/ahr/Desktop/my-work/projects/personal/lancehive/frontend/src/lib/errors/errors.ts": {"path":"/Users/ahr/Desktop/my-work/projects/personal/lancehive/frontend/src/lib/errors/errors.ts","statementMap":{"0":{"start":{"line":10,"column":4},"end":{"line":10,"column":null}},"1":{"start":{"line":7,"column":11},"end":{"line":7,"column":null}},"2":{"start":{"line":8,"column":11},"end":{"line":8,"column":null}},"3":{"start":{"line":11,"column":4},"end":{"line":11,"column":null}},"4":{"start":{"line":16,"column":2},"end":{"line":18,"column":null}},"5":{"start":{"line":17,"column":4},"end":{"line":17,"column":null}},"6":{"start":{"line":19,"column":2},"end":{"line":19,"column":null}},"7":{"start":{"line":28,"column":2},"end":{"line":30,"column":null}},"8":{"start":{"line":29,"column":4},"end":{"line":29,"column":null}},"9":{"start":{"line":31,"column":2},"end":{"line":31,"column":null}},"10":{"start":{"line":34,"column":46},"end":{"line":44,"column":null}},"11":{"start":{"line":47,"column":2},"end":{"line":64,"column":null}},"12":{"start":{"line":48,"column":17},"end":{"line":48,"column":null}},"13":{"start":{"line":49,"column":4},"end":{"line":51,"column":null}},"14":{"start":{"line":50,"column":6},"end":{"line":50,"column":null}},"15":{"start":{"line":53,"column":4},"end":{"line":55,"column":null}},"16":{"start":{"line":54,"column":6},"end":{"line":54,"column":null}},"17":{"start":{"line":57,"column":4},"end":{"line":59,"column":null}},"18":{"start":{"line":58,"column":6},"end":{"line":58,"column":null}},"19":{"start":{"line":61,"column":4},"end":{"line":63,"column":null}},"20":{"start":{"line":62,"column":6},"end":{"line":62,"column":null}},"21":{"start":{"line":66,"column":2},"end":{"line":68,"column":null}},"22":{"start":{"line":67,"column":4},"end":{"line":67,"column":null}},"23":{"start":{"line":70,"column":2},"end":{"line":70,"column":null}},"24":{"start":{"line":77,"column":22},"end":{"line":77,"column":null}},"25":{"start":{"line":78,"column":2},"end":{"line":80,"column":null}},"26":{"start":{"line":79,"column":4},"end":{"line":79,"column":null}},"27":{"start":{"line":82,"column":2},"end":{"line":88,"column":null}},"28":{"start":{"line":83,"column":20},"end":{"line":83,"column":null}},"29":{"start":{"line":84,"column":4},"end":{"line":86,"column":null}},"30":{"start":{"line":85,"column":6},"end":{"line":85,"column":null}},"31":{"start":{"line":87,"column":4},"end":{"line":87,"column":null}}},"fnMap":{"0":{"name":"constructor","decl":{"start":{"line":6,"column":2},"end":{"line":6,"column":null}},"loc":{"start":{"line":9,"column":4},"end":{"line":12,"column":null}},"line":9},"1":{"name":"getErrorCode","decl":{"start":{"line":15,"column":16},"end":{"line":15,"column":29}},"loc":{"start":{"line":15,"column":65},"end":{"line":20,"column":null}},"line":15},"2":{"name":"isValidationError","decl":{"start":{"line":27,"column":16},"end":{"line":27,"column":34}},"loc":{"start":{"line":27,"column":79},"end":{"line":32,"column":null}},"line":27},"3":{"name":"getUserMessage","decl":{"start":{"line":46,"column":16},"end":{"line":46,"column":31}},"loc":{"start":{"line":46,"column":55},"end":{"line":71,"column":null}},"line":46},"4":{"name":"mapValidationErrorsToForm","decl":{"start":{"line":73,"column":16},"end":{"line":73,"column":null}},"loc":{"start":{"line":76,"column":8},"end":{"line":89,"column":null}},"line":76}},"branchMap":{"0":{"loc":{"start":{"line":16,"column":2},"end":{"line":18,"column":null}},"type":"if","locations":[{"start":{"line":16,"column":2},"end":{"line":18,"column":null}},{"start":{},"end":{}}],"line":16},"1":{"loc":{"start":{"line":28,"column":2},"end":{"line":30,"column":null}},"type":"if","locations":[{"start":{"line":28,"column":2},"end":{"line":30,"column":null}},{"start":{},"end":{}}],"line":28},"2":{"loc":{"start":{"line":28,"column":6},"end":{"line":28,"column":60}},"type":"binary-expr","locations":[{"start":{"line":28,"column":6},"end":{"line":28,"column":38}},{"start":{"line":28,"column":38},"end":{"line":28,"column":60}}],"line":28},"3":{"loc":{"start":{"line":47,"column":2},"end":{"line":64,"column":null}},"type":"if","locations":[{"start":{"line":47,"column":2},"end":{"line":64,"column":null}},{"start":{},"end":{}}],"line":47},"4":{"loc":{"start":{"line":49,"column":4},"end":{"line":51,"column":null}},"type":"if","locations":[{"start":{"line":49,"column":4},"end":{"line":51,"column":null}},{"start":{},"end":{}}],"line":49},"5":{"loc":{"start":{"line":49,"column":8},"end":{"line":49,"column":37}},"type":"binary-expr","locations":[{"start":{"line":49,"column":8},"end":{"line":49,"column":16}},{"start":{"line":49,"column":16},"end":{"line":49,"column":37}}],"line":49},"6":{"loc":{"start":{"line":53,"column":4},"end":{"line":55,"column":null}},"type":"if","locations":[{"start":{"line":53,"column":4},"end":{"line":55,"column":null}},{"start":{},"end":{}}],"line":53},"7":{"loc":{"start":{"line":57,"column":4},"end":{"line":59,"column":null}},"type":"if","locations":[{"start":{"line":57,"column":4},"end":{"line":59,"column":null}},{"start":{},"end":{}}],"line":57},"8":{"loc":{"start":{"line":61,"column":4},"end":{"line":63,"column":null}},"type":"if","locations":[{"start":{"line":61,"column":4},"end":{"line":63,"column":null}},{"start":{},"end":{}}],"line":61},"9":{"loc":{"start":{"line":66,"column":2},"end":{"line":68,"column":null}},"type":"if","locations":[{"start":{"line":66,"column":2},"end":{"line":68,"column":null}},{"start":{},"end":{}}],"line":66},"10":{"loc":{"start":{"line":66,"column":6},"end":{"line":66,"column":47}},"type":"binary-expr","locations":[{"start":{"line":66,"column":6},"end":{"line":66,"column":32}},{"start":{"line":66,"column":32},"end":{"line":66,"column":47}}],"line":66},"11":{"loc":{"start":{"line":78,"column":2},"end":{"line":80,"column":null}},"type":"if","locations":[{"start":{"line":78,"column":2},"end":{"line":80,"column":null}},{"start":{},"end":{}}],"line":78},"12":{"loc":{"start":{"line":84,"column":4},"end":{"line":86,"column":null}},"type":"if","locations":[{"start":{"line":84,"column":4},"end":{"line":86,"column":null}},{"start":{},"end":{}}],"line":84}},"s":{"0":17,"1":17,"2":17,"3":17,"4":13,"5":1,"6":12,"7":6,"8":3,"9":3,"10":3,"11":11,"12":11,"13":11,"14":8,"15":3,"16":1,"17":2,"18":0,"19":2,"20":2,"21":0,"22":0,"23":0,"24":1,"25":1,"26":0,"27":1,"28":2,"29":2,"30":0,"31":2},"f":{"0":17,"1":13,"2":6,"3":11,"4":1},"b":{"0":[1,12],"1":[3,3],"2":[6,6],"3":[11,0],"4":[8,3],"5":[11,8],"6":[1,2],"7":[0,2],"8":[2,0],"9":[0,0],"10":[0,0],"11":[0,1],"12":[0,2]},"meta":{"lastBranch":13,"lastFunction":5,"lastStatement":32,"seen":{"f:6:2:6:Infinity":0,"s:10:4:10:Infinity":0,"s:7:11:7:Infinity":1,"s:8:11:8:Infinity":2,"s:11:4:11:Infinity":3,"f:15:16:15:29":1,"b:16:2:18:Infinity:undefined:undefined:undefined:undefined":0,"s:16:2:18:Infinity":4,"s:17:4:17:Infinity":5,"s:19:2:19:Infinity":6,"f:27:16:27:34":2,"b:28:2:30:Infinity:undefined:undefined:undefined:undefined":1,"s:28:2:30:Infinity":7,"b:28:6:28:38:28:38:28:60":2,"s:29:4:29:Infinity":8,"s:31:2:31:Infinity":9,"s:34:46:44:Infinity":10,"f:46:16:46:31":3,"b:47:2:64:Infinity:undefined:undefined:undefined:undefined":3,"s:47:2:64:Infinity":11,"s:48:17:48:Infinity":12,"b:49:4:51:Infinity:undefined:undefined:undefined:undefined":4,"s:49:4:51:Infinity":13,"b:49:8:49:16:49:16:49:37":5,"s:50:6:50:Infinity":14,"b:53:4:55:Infinity:undefined:undefined:undefined:undefined":6,"s:53:4:55:Infinity":15,"s:54:6:54:Infinity":16,"b:57:4:59:Infinity:undefined:undefined:undefined:undefined":7,"s:57:4:59:Infinity":17,"s:58:6:58:Infinity":18,"b:61:4:63:Infinity:undefined:undefined:undefined:undefined":8,"s:61:4:63:Infinity":19,"s:62:6:62:Infinity":20,"b:66:2:68:Infinity:undefined:undefined:undefined:undefined":9,"s:66:2:68:Infinity":21,"b:66:6:66:32:66:32:66:47":10,"s:67:4:67:Infinity":22,"s:70:2:70:Infinity":23,"f:73:16:73:Infinity":4,"s:77:22:77:Infinity":24,"b:78:2:80:Infinity:undefined:undefined:undefined:undefined":11,"s:78:2:80:Infinity":25,"s:79:4:79:Infinity":26,"s:82:2:88:Infinity":27,"s:83:20:83:Infinity":28,"b:84:4:86:Infinity:undefined:undefined:undefined:undefined":12,"s:84:4:86:Infinity":29,"s:85:6:85:Infinity":30,"s:87:4:87:Infinity":31},"fnNames":{}}}
,"/Users/ahr/Desktop/my-work/projects/personal/lancehive/frontend/src/lib/errors/index.ts": {"path":"/Users/ahr/Desktop/my-work/projects/personal/lancehive/frontend/src/lib/errors/index.ts","statementMap":{},"fnMap":{},"branchMap":{},"s":{},"f":{},"b":{},"meta":{"lastBranch":0,"lastFunction":0,"lastStatement":0,"seen":{},"fnNames":{}}}
,"/Users/ahr/Desktop/my-work/projects/personal/lancehive/frontend/src/routes/index.tsx": {"path":"/Users/ahr/Desktop/my-work/projects/personal/lancehive/frontend/src/routes/index.tsx","statementMap":{"0":{"start":{"line":9,"column":7},"end":{"line":9,"column":null}},"1":{"start":{"line":11,"column":7},"end":{"line":11,"column":null}},"2":{"start":{"line":12,"column":7},"end":{"line":12,"column":null}},"3":{"start":{"line":13,"column":7},"end":{"line":13,"column":null}},"4":{"start":{"line":15,"column":7},"end":{"line":15,"column":null}},"5":{"start":{"line":16,"column":7},"end":{"line":16,"column":null}},"6":{"start":{"line":18,"column":7},"end":{"line":18,"column":null}},"7":{"start":{"line":19,"column":7},"end":{"line":19,"column":null}},"8":{"start":{"line":21,"column":7},"end":{"line":21,"column":null}},"9":{"start":{"line":22,"column":7},"end":{"line":22,"column":null}},"10":{"start":{"line":8,"column":5},"end":{"line":25,"column":null}},"11":{"start":{"line":7,"column":2},"end":{"line":8,"column":5}}},"fnMap":{"0":{"name":"AppRoutes","decl":{"start":{"line":6,"column":16},"end":{"line":6,"column":28}},"loc":{"start":{"line":6,"column":28},"end":{"line":27,"column":null}},"line":6}},"branchMap":{},"s":{"0":5,"1":5,"2":5,"3":5,"4":5,"5":5,"6":5,"7":5,"8":5,"9":5,"10":5,"11":5},"f":{"0":5},"b":{},"meta":{"lastBranch":0,"lastFunction":1,"lastStatement":12,"seen":{"f:6:16:6:28":0,"s:9:7:9:Infinity":0,"s:11:7:11:Infinity":1,"s:12:7:12:Infinity":2,"s:13:7:13:Infinity":3,"s:15:7:15:Infinity":4,"s:16:7:16:Infinity":5,"s:18:7:18:Infinity":6,"s:19:7:19:Infinity":7,"s:21:7:21:Infinity":8,"s:22:7:22:Infinity":9,"s:8:5:25:Infinity":10,"s:7:2:8:5":11},"fnNames":{}}}
,"/Users/ahr/Desktop/my-work/projects/personal/lancehive/frontend/src/test/test-utils.tsx": {"path":"/Users/ahr/Desktop/my-work/projects/personal/lancehive/frontend/src/test/test-utils.tsx","statementMap":{"0":{"start":{"line":16,"column":6},"end":{"line":16,"column":null}},"1":{"start":{"line":18,"column":2},"end":{"line":24,"column":null}},"2":{"start":{"line":19,"column":4},"end":{"line":22,"column":null}},"3":{"start":{"line":28,"column":51},"end":{"line":28,"column":null}},"4":{"start":{"line":29,"column":2},"end":{"line":32,"column":null}}},"fnMap":{"0":{"name":"createWrapper","decl":{"start":{"line":12,"column":16},"end":{"line":12,"column":30}},"loc":{"start":{"line":12,"column":91},"end":{"line":25,"column":null}},"line":12},"1":{"name":"Wrapper","decl":{"start":{"line":18,"column":18},"end":{"line":18,"column":26}},"loc":{"start":{"line":18,"column":65},"end":{"line":24,"column":null}},"line":18},"2":{"name":"renderWithProviders","decl":{"start":{"line":27,"column":16},"end":{"line":27,"column":36}},"loc":{"start":{"line":27,"column":96},"end":{"line":33,"column":null}},"line":27}},"branchMap":{"0":{"loc":{"start":{"line":12,"column":30},"end":{"line":12,"column":91}},"type":"default-arg","locations":[{"start":{"line":12,"column":87},"end":{"line":12,"column":91}}],"line":12},"1":{"loc":{"start":{"line":14,"column":4},"end":{"line":14,"column":null}},"type":"default-arg","locations":[{"start":{"line":14,"column":12},"end":{"line":14,"column":null}}],"line":14},"2":{"loc":{"start":{"line":15,"column":4},"end":{"line":15,"column":null}},"type":"default-arg","locations":[{"start":{"line":15,"column":18},"end":{"line":15,"column":null}}],"line":15},"3":{"loc":{"start":{"line":27,"column":54},"end":{"line":27,"column":96}},"type":"default-arg","locations":[{"start":{"line":27,"column":92},"end":{"line":27,"column":96}}],"line":27}},"s":{"0":6,"1":6,"2":6,"3":6,"4":6},"f":{"0":6,"1":6,"2":6},"b":{"0":[6],"1":[6],"2":[6],"3":[6]},"meta":{"lastBranch":4,"lastFunction":3,"lastStatement":5,"seen":{"f:12:16:12:30":0,"b:12:87:12:91":0,"s:16:6:16:Infinity":0,"b:14:12:14:Infinity":1,"b:15:18:15:Infinity":2,"s:18:2:24:Infinity":1,"f:18:18:18:26":1,"s:19:4:22:Infinity":2,"f:27:16:27:36":2,"b:27:92:27:96":3,"s:28:51:28:Infinity":3,"s:29:2:32:Infinity":4},"fnNames":{}}}
,"/Users/ahr/Desktop/my-work/projects/personal/lancehive/frontend/src/test/msw/server.ts": {"path":"/Users/ahr/Desktop/my-work/projects/personal/lancehive/frontend/src/test/msw/server.ts","statementMap":{"0":{"start":{"line":5,"column":22},"end":{"line":5,"column":null}}},"fnMap":{},"branchMap":{},"s":{"0":11},"f":{},"b":{},"meta":{"lastBranch":0,"lastFunction":0,"lastStatement":1,"seen":{"s:5:22:5:Infinity":0},"fnNames":{}}}
,"/Users/ahr/Desktop/my-work/projects/personal/lancehive/frontend/src/test/msw/handlers/index.ts": {"path":"/Users/ahr/Desktop/my-work/projects/personal/lancehive/frontend/src/test/msw/handlers/index.ts","statementMap":{"0":{"start":{"line":3,"column":21},"end":{"line":3,"column":null}},"1":{"start":{"line":5,"column":24},"end":{"line":7,"column":null}},"2":{"start":{"line":6,"column":43},"end":{"line":6,"column":78}}},"fnMap":{"0":{"name":"(anonymous_0)","decl":{"start":{"line":6,"column":27},"end":{"line":6,"column":43}},"loc":{"start":{"line":6,"column":43},"end":{"line":6,"column":78}},"line":6}},"branchMap":{"0":{"loc":{"start":{"line":3,"column":21},"end":{"line":3,"column":null}},"type":"binary-expr","locations":[{"start":{"line":3,"column":21},"end":{"line":3,"column":53}},{"start":{"line":3,"column":53},"end":{"line":3,"column":null}}],"line":3}},"s":{"0":11,"1":11,"2":0},"f":{"0":0},"b":{"0":[11,0]},"meta":{"lastBranch":1,"lastFunction":1,"lastStatement":3,"seen":{"s:3:21:3:Infinity":0,"b:3:21:3:53:3:53:3:Infinity":0,"s:5:24:7:Infinity":1,"f:6:27:6:43":0,"s:6:43:6:78":2},"fnNames":{}}}
}
